<?xml version="1.0" encoding="UTF-8"?>
<robot generator="Robot 4.0 (Python 3.9.0 on win32)" generated="20210408 14:29:17.281" rpa="false" schemaversion="2">
<suite id="s1" name="Smiles" source="C:\Projetos\Estudos\robotSmiles\TestCases\smiles.robot">
<test id="s1-t1" name="Pesquisar Vôos GRU - CDG">
<kw name="newSession" library="base" type="SETUP">
<kw name="Evaluate" library="BuiltIn">
<var>${options}</var>
<arg>sys.modules['selenium.webdriver.chrome.options'].Options()</arg>
<arg>sys</arg>
<doc>Evaluates the given expression in Python and returns the result.</doc>
<msg timestamp="20210408 14:29:17.504" level="INFO">${options} = &lt;selenium.webdriver.chrome.options.Options object at 0x000002457B8E4610&gt;</msg>
<status status="PASS" starttime="20210408 14:29:17.504" endtime="20210408 14:29:17.505"/>
</kw>
<kw name="Call Method" library="BuiltIn">
<arg>${options}</arg>
<arg>add_argument</arg>
<arg>--disable-notifications</arg>
<doc>Calls the named method of the given object with the provided arguments.</doc>
<status status="PASS" starttime="20210408 14:29:17.505" endtime="20210408 14:29:17.505"/>
</kw>
<kw name="Call Method" library="BuiltIn">
<arg>${options}</arg>
<arg>add_argument</arg>
<arg>headless</arg>
<doc>Calls the named method of the given object with the provided arguments.</doc>
<status status="PASS" starttime="20210408 14:29:17.505" endtime="20210408 14:29:17.505"/>
</kw>
<kw name="Call Method" library="BuiltIn">
<arg>${options}</arg>
<arg>add_argument</arg>
<arg>disable-gpu</arg>
<doc>Calls the named method of the given object with the provided arguments.</doc>
<status status="PASS" starttime="20210408 14:29:17.505" endtime="20210408 14:29:17.505"/>
</kw>
<kw name="Create Webdriver" library="SeleniumLibrary">
<var>${driver}</var>
<arg>Chrome</arg>
<arg>options=${options}</arg>
<doc>Creates an instance of Selenium WebDriver.</doc>
<msg timestamp="20210408 14:29:17.506" level="INFO">Creating an instance of the Chrome WebDriver.</msg>
<msg timestamp="20210408 14:29:18.575" level="INFO">${driver} = 1</msg>
<status status="PASS" starttime="20210408 14:29:17.506" endtime="20210408 14:29:18.575"/>
</kw>
<kw name="Go To" library="SeleniumLibrary">
<arg>${url}</arg>
<doc>Navigates the current browser window to the provided ``url``.</doc>
<msg timestamp="20210408 14:29:18.575" level="INFO">Opening url 'http://www.smiles.com.br'</msg>
<status status="PASS" starttime="20210408 14:29:18.575" endtime="20210408 14:29:25.034"/>
</kw>
<kw name="Capture Page Screenshot" library="SeleniumLibrary">
<doc>Takes a screenshot of the current page and embeds it into a log file.</doc>
<msg timestamp="20210408 14:29:25.543" level="INFO" html="true">&lt;/td&gt;&lt;/tr&gt;&lt;tr&gt;&lt;td colspan="3"&gt;&lt;a href="selenium-screenshot-18.png"&gt;&lt;img src="selenium-screenshot-18.png" width="800px"&gt;&lt;/a&gt;</msg>
<status status="PASS" starttime="20210408 14:29:25.035" endtime="20210408 14:29:25.544"/>
</kw>
<kw name="Maximize Browser Window" library="SeleniumLibrary">
<doc>Maximizes current browser window.</doc>
<status status="PASS" starttime="20210408 14:29:25.544" endtime="20210408 14:29:25.917"/>
</kw>
<kw name="Set Window Size" library="SeleniumLibrary">
<arg>${1920}</arg>
<arg>${1080}</arg>
<doc>Sets current windows size to given ``width`` and ``height``.</doc>
<status status="PASS" starttime="20210408 14:29:25.917" endtime="20210408 14:29:26.560"/>
</kw>
<kw name="Capture Page Screenshot" library="SeleniumLibrary">
<doc>Takes a screenshot of the current page and embeds it into a log file.</doc>
<msg timestamp="20210408 14:29:27.271" level="INFO" html="true">&lt;/td&gt;&lt;/tr&gt;&lt;tr&gt;&lt;td colspan="3"&gt;&lt;a href="selenium-screenshot-19.png"&gt;&lt;img src="selenium-screenshot-19.png" width="800px"&gt;&lt;/a&gt;</msg>
<status status="PASS" starttime="20210408 14:29:26.560" endtime="20210408 14:29:27.271"/>
</kw>
<kw name="Set Selenium Timeout" library="SeleniumLibrary">
<arg>30 seconds</arg>
<doc>Sets the timeout that is used by various keywords.</doc>
<status status="PASS" starttime="20210408 14:29:27.272" endtime="20210408 14:29:27.273"/>
</kw>
<status status="PASS" starttime="20210408 14:29:17.504" endtime="20210408 14:29:27.273"/>
</kw>
<kw name="Set Variable" library="BuiltIn">
<var>${tag}</var>
<arg>gru_cdg</arg>
<doc>Returns the given values which can then be assigned to a variables.</doc>
<msg timestamp="20210408 14:29:27.274" level="INFO">${tag} = gru_cdg</msg>
<status status="PASS" starttime="20210408 14:29:27.274" endtime="20210408 14:29:27.274"/>
</kw>
<kw name="Set Global Variable" library="BuiltIn">
<arg>${tag}</arg>
<doc>Makes a variable available globally in all tests and suites.</doc>
<msg timestamp="20210408 14:29:27.275" level="INFO">${tag} = gru_cdg</msg>
<status status="PASS" starttime="20210408 14:29:27.275" endtime="20210408 14:29:27.275"/>
</kw>
<kw name="Create File" library="OperatingSystem">
<arg>${EXECDIR}/relatorio/${tag}.txt</arg>
<doc>Creates a file with the given content and encoding.</doc>
<msg timestamp="20210408 14:29:27.276" level="INFO" html="true">Created file '&lt;a href="file://C:\Projetos\Estudos\robotSmiles\relatorio\gru_cdg.txt"&gt;C:\Projetos\Estudos\robotSmiles\relatorio\gru_cdg.txt&lt;/a&gt;'.</msg>
<status status="PASS" starttime="20210408 14:29:27.276" endtime="20210408 14:29:27.276"/>
</kw>
<kw name="Get Current Date" library="DateTime">
<var>${dayFrom}</var>
<arg>increment=1 day</arg>
<doc>Returns current local or UTC time with an optional increment.</doc>
<msg timestamp="20210408 14:29:27.277" level="INFO">${dayFrom} = 2021-04-09 14:29:27.277</msg>
<status status="PASS" starttime="20210408 14:29:27.277" endtime="20210408 14:29:27.277"/>
</kw>
<kw name="Convert Date" library="DateTime">
<var>${dayDeparture}</var>
<arg>${dayFrom}</arg>
<arg>datetime</arg>
<doc>Converts between supported `date formats`.</doc>
<msg timestamp="20210408 14:29:27.280" level="INFO">${dayDeparture} = 2021-04-09 14:29:27.277000</msg>
<status status="PASS" starttime="20210408 14:29:27.278" endtime="20210408 14:29:27.280"/>
</kw>
<kw name="Set Variable" library="BuiltIn">
<var>${from}</var>
<arg>São Paulo (GRU)</arg>
<doc>Returns the given values which can then be assigned to a variables.</doc>
<msg timestamp="20210408 14:29:27.281" level="INFO">${from} = São Paulo (GRU)</msg>
<status status="PASS" starttime="20210408 14:29:27.281" endtime="20210408 14:29:27.281"/>
</kw>
<kw name="Set Variable" library="BuiltIn">
<var>${to}</var>
<arg>Paris (CDG)</arg>
<doc>Returns the given values which can then be assigned to a variables.</doc>
<msg timestamp="20210408 14:29:27.281" level="INFO">${to} = Paris (CDG)</msg>
<status status="PASS" starttime="20210408 14:29:27.281" endtime="20210408 14:29:27.282"/>
</kw>
<kw name="acess_page" library="base">
<arg>${from}</arg>
<arg>${to}</arg>
<arg>${dayDeparture}</arg>
<kw name="Title Should Be" library="SeleniumLibrary">
<arg>${title}</arg>
<doc>Verifies that the current page title equals ``title``.</doc>
<msg timestamp="20210408 14:29:27.288" level="INFO">Page title is 'Milhas para você voar ainda mais - Smiles'.</msg>
<status status="PASS" starttime="20210408 14:29:27.282" endtime="20210408 14:29:27.288"/>
</kw>
<kw name="Click Element" library="SeleniumLibrary">
<arg>${btn_accept_cookies}</arg>
<doc>Click the element identified by ``locator``.</doc>
<msg timestamp="20210408 14:29:27.289" level="INFO">Clicking element 'css:button.btn-accept'.</msg>
<status status="PASS" starttime="20210408 14:29:27.289" endtime="20210408 14:29:27.470"/>
</kw>
<kw name="Click Element" library="SeleniumLibrary">
<arg>${buscaVoos}</arg>
<doc>Click the element identified by ``locator``.</doc>
<msg timestamp="20210408 14:29:27.471" level="INFO">Clicking element 'css:li[class*=search-voos]'.</msg>
<status status="PASS" starttime="20210408 14:29:27.470" endtime="20210408 14:29:27.649"/>
</kw>
<kw name="Input Text" library="SeleniumLibrary">
<arg>${inputFrom}</arg>
<arg>${from}</arg>
<doc>Types the given ``text`` into the text field identified by ``locator``.</doc>
<msg timestamp="20210408 14:29:27.650" level="INFO">Typing text 'São Paulo (GRU)' into text field 'id:inputOrigin'.</msg>
<status status="PASS" starttime="20210408 14:29:27.649" endtime="20210408 14:29:28.140"/>
</kw>
<kw name="Press Keys" library="SeleniumLibrary">
<arg>${inputFrom}</arg>
<arg>TAB</arg>
<doc>Simulates the user pressing key(s) to an element or on the active browser.</doc>
<msg timestamp="20210408 14:29:28.141" level="INFO">Sending key(s) ('TAB',) to id:inputOrigin element.</msg>
<msg timestamp="20210408 14:29:28.557" level="INFO">Pressing special key TAB to element.</msg>
<msg timestamp="20210408 14:29:28.557" level="INFO">Releasing special key TAB.</msg>
<status status="PASS" starttime="20210408 14:29:28.140" endtime="20210408 14:29:28.609"/>
</kw>
<kw name="Input Text" library="SeleniumLibrary">
<arg>${inputTo}</arg>
<arg>${to}</arg>
<doc>Types the given ``text`` into the text field identified by ``locator``.</doc>
<msg timestamp="20210408 14:29:28.610" level="INFO">Typing text 'Paris (CDG)' into text field 'id:inputDestination'.</msg>
<status status="PASS" starttime="20210408 14:29:28.609" endtime="20210408 14:29:28.759"/>
</kw>
<kw name="Press Keys" library="SeleniumLibrary">
<arg>${inputFrom}</arg>
<arg>TAB</arg>
<doc>Simulates the user pressing key(s) to an element or on the active browser.</doc>
<msg timestamp="20210408 14:29:28.760" level="INFO">Sending key(s) ('TAB',) to id:inputOrigin element.</msg>
<msg timestamp="20210408 14:29:29.170" level="INFO">Pressing special key TAB to element.</msg>
<msg timestamp="20210408 14:29:29.170" level="INFO">Releasing special key TAB.</msg>
<status status="PASS" starttime="20210408 14:29:28.759" endtime="20210408 14:29:29.226"/>
</kw>
<kw name="Click Element" library="SeleniumLibrary">
<arg>${departure}</arg>
<doc>Click the element identified by ``locator``.</doc>
<msg timestamp="20210408 14:29:29.227" level="INFO">Clicking element 'css:input[id*=departure_date]'.</msg>
<status status="PASS" starttime="20210408 14:29:29.226" endtime="20210408 14:29:29.449"/>
</kw>
<kw name="selectDepartureDay" library="base">
<arg>${dayDeparture.day}</arg>
<kw name="Get WebElements" library="SeleniumLibrary">
<var>${elements}</var>
<arg>//div[@id='ui-datepicker-div']/div[@class='ui-datepicker-group ui-datepicker-group-first']/table/tbody/tr/td[contains(a,'${departureDay}')]</arg>
<doc>Returns a list of WebElement objects matching the ``locator``.</doc>
<msg timestamp="20210408 14:29:29.510" level="INFO">${elements} = [&lt;selenium.webdriver.remote.webelement.WebElement (session="30fe09bba1158d1c63e27fe8223f65f8", element="c92223f9-e54d-4e9e-a24a-91b8a5e9500f")&gt;, &lt;selenium.webdriver.remote.webelement.WebElement (sessi...</msg>
<status status="PASS" starttime="20210408 14:29:29.451" endtime="20210408 14:29:29.510"/>
</kw>
<kw name="Click Element" library="SeleniumLibrary">
<arg>${elements[0]}</arg>
<doc>Click the element identified by ``locator``.</doc>
<msg timestamp="20210408 14:29:29.511" level="INFO">Clicking element '&lt;selenium.webdriver.remote.webelement.WebElement (session="30fe09bba1158d1c63e27fe8223f65f8", element="c92223f9-e54d-4e9e-a24a-91b8a5e9500f")&gt;'.</msg>
<status status="PASS" starttime="20210408 14:29:29.510" endtime="20210408 14:29:29.737"/>
</kw>
<status status="PASS" starttime="20210408 14:29:29.449" endtime="20210408 14:29:29.737"/>
</kw>
<kw name="selectArrivalDay" library="base">
<arg>15</arg>
<kw name="Get WebElements" library="SeleniumLibrary">
<var>${elements}</var>
<arg>//div[@id='ui-datepicker-div']/div[@class='ui-datepicker-group ui-datepicker-group-last']/table/tbody/tr/td[contains(a,'${arrDay}')]</arg>
<doc>Returns a list of WebElement objects matching the ``locator``.</doc>
<msg timestamp="20210408 14:29:29.752" level="INFO">${elements} = [&lt;selenium.webdriver.remote.webelement.WebElement (session="30fe09bba1158d1c63e27fe8223f65f8", element="03a70d4c-331b-44aa-9155-81c488386afd")&gt;]</msg>
<status status="PASS" starttime="20210408 14:29:29.737" endtime="20210408 14:29:29.752"/>
</kw>
<kw name="Click Element" library="SeleniumLibrary">
<arg>${elements[0]}</arg>
<doc>Click the element identified by ``locator``.</doc>
<msg timestamp="20210408 14:29:29.753" level="INFO">Clicking element '&lt;selenium.webdriver.remote.webelement.WebElement (session="30fe09bba1158d1c63e27fe8223f65f8", element="03a70d4c-331b-44aa-9155-81c488386afd")&gt;'.</msg>
<status status="PASS" starttime="20210408 14:29:29.753" endtime="20210408 14:29:29.867"/>
</kw>
<status status="PASS" starttime="20210408 14:29:29.737" endtime="20210408 14:29:29.868"/>
</kw>
<kw name="Click Element" library="SeleniumLibrary">
<arg>${btn_Confirmar}</arg>
<doc>Click the element identified by ``locator``.</doc>
<msg timestamp="20210408 14:29:29.868" level="INFO">Clicking element 'xpath://button[contains(text(), 'Confirmar')]'.</msg>
<status status="PASS" starttime="20210408 14:29:29.868" endtime="20210408 14:29:30.076"/>
</kw>
<kw name="Click Element" library="SeleniumLibrary">
<arg>${btn_BuscaVoo}</arg>
<doc>Click the element identified by ``locator``.</doc>
<msg timestamp="20210408 14:29:30.076" level="INFO">Clicking element 'id:submitFlightSearch'.</msg>
<status status="PASS" starttime="20210408 14:29:30.076" endtime="20210408 14:29:30.823"/>
</kw>
<kw name="Capture Page Screenshot" library="SeleniumLibrary">
<doc>Takes a screenshot of the current page and embeds it into a log file.</doc>
<msg timestamp="20210408 14:29:33.864" level="INFO" html="true">&lt;/td&gt;&lt;/tr&gt;&lt;tr&gt;&lt;td colspan="3"&gt;&lt;a href="selenium-screenshot-20.png"&gt;&lt;img src="selenium-screenshot-20.png" width="800px"&gt;&lt;/a&gt;</msg>
<status status="PASS" starttime="20210408 14:29:30.823" endtime="20210408 14:29:33.864"/>
</kw>
<kw name="Wait Until Element Is Visible" library="SeleniumLibrary">
<arg>${title_sugerido}</arg>
<doc>Waits until the element ``locator`` is visible.</doc>
<status status="PASS" starttime="20210408 14:29:33.864" endtime="20210408 14:30:01.413"/>
</kw>
<status status="PASS" starttime="20210408 14:29:27.282" endtime="20210408 14:30:01.413"/>
</kw>
<kw name="Get WebElements" library="SeleniumLibrary">
<var>${qtde_voos_ida}</var>
<arg>css:#firstFlights article[id*='flightsArticle']</arg>
<doc>Returns a list of WebElement objects matching the ``locator``.</doc>
<msg timestamp="20210408 14:30:01.750" level="INFO">${qtde_voos_ida} = [&lt;selenium.webdriver.remote.webelement.WebElement (session="30fe09bba1158d1c63e27fe8223f65f8", element="2d73534d-19c8-4d64-befd-722dba9a95c7")&gt;, &lt;selenium.webdriver.remote.webelement.WebElement (sessi...</msg>
<status status="PASS" starttime="20210408 14:30:01.414" endtime="20210408 14:30:01.750"/>
</kw>
<kw name="Get WebElements" library="SeleniumLibrary">
<var>${qtde_voos_volta}</var>
<arg>css:#secondFlights article[id*='flightsArticle']</arg>
<doc>Returns a list of WebElement objects matching the ``locator``.</doc>
<msg timestamp="20210408 14:30:01.766" level="INFO">${qtde_voos_volta} = [&lt;selenium.webdriver.remote.webelement.WebElement (session="30fe09bba1158d1c63e27fe8223f65f8", element="09b124e1-2349-4586-a8a1-609d49bdae53")&gt;, &lt;selenium.webdriver.remote.webelement.WebElement (sessi...</msg>
<status status="PASS" starttime="20210408 14:30:01.751" endtime="20210408 14:30:01.766"/>
</kw>
<kw name="Get WebElements" library="SeleniumLibrary">
<var>${btn_detalhes_ida}</var>
<arg>css:#firstFlights article[id*='flightsArticle'] div.details-bt a span</arg>
<doc>Returns a list of WebElement objects matching the ``locator``.</doc>
<msg timestamp="20210408 14:30:01.783" level="INFO">${btn_detalhes_ida} = [&lt;selenium.webdriver.remote.webelement.WebElement (session="30fe09bba1158d1c63e27fe8223f65f8", element="489060d6-2eb5-43ac-85b3-ba83ea574fbe")&gt;, &lt;selenium.webdriver.remote.webelement.WebElement (sessi...</msg>
<status status="PASS" starttime="20210408 14:30:01.766" endtime="20210408 14:30:01.783"/>
</kw>
<kw name="Get WebElements" library="SeleniumLibrary">
<var>${btn_detalhes_volta}</var>
<arg>css:#secondFlights article[id*='flightsArticle'] div.details-bt a span</arg>
<doc>Returns a list of WebElement objects matching the ``locator``.</doc>
<msg timestamp="20210408 14:30:01.799" level="INFO">${btn_detalhes_volta} = [&lt;selenium.webdriver.remote.webelement.WebElement (session="30fe09bba1158d1c63e27fe8223f65f8", element="91a064d0-e3c1-4ca3-94e7-7c299af09482")&gt;, &lt;selenium.webdriver.remote.webelement.WebElement (sessi...</msg>
<status status="PASS" starttime="20210408 14:30:01.783" endtime="20210408 14:30:01.800"/>
</kw>
<kw name="print_relatorio_voos_ida" library="base">
<arg>${qtde_voos_ida}</arg>
<arg>${qtde_voos_volta}</arg>
<arg>${btn_detalhes_ida}</arg>
<kw name="write_in_file" library="base">
<arg>-------------------------------------------------------------------------</arg>
<kw name="Log To Console" library="BuiltIn">
<arg>${variable}</arg>
<doc>Logs the given message to the console.</doc>
<status status="PASS" starttime="20210408 14:30:01.801" endtime="20210408 14:30:01.802"/>
</kw>
<kw name="Set Variable" library="BuiltIn">
<var>${format_variable}</var>
<arg>${variable}\n</arg>
<doc>Returns the given values which can then be assigned to a variables.</doc>
<msg timestamp="20210408 14:30:01.802" level="INFO">${format_variable} = -------------------------------------------------------------------------
</msg>
<status status="PASS" starttime="20210408 14:30:01.802" endtime="20210408 14:30:01.802"/>
</kw>
<kw name="Append To File" library="OperatingSystem">
<arg>${EXECDIR}/relatorio/${tag}.txt</arg>
<arg>${format_variable}</arg>
<doc>Appends the given content to the specified file.</doc>
<msg timestamp="20210408 14:30:01.805" level="INFO" html="true">Appended to file '&lt;a href="file://C:\Projetos\Estudos\robotSmiles\relatorio\gru_cdg.txt"&gt;C:\Projetos\Estudos\robotSmiles\relatorio\gru_cdg.txt&lt;/a&gt;'.</msg>
<status status="PASS" starttime="20210408 14:30:01.802" endtime="20210408 14:30:01.805"/>
</kw>
<status status="PASS" starttime="20210408 14:30:01.801" endtime="20210408 14:30:01.805"/>
</kw>
<kw name="write_in_file" library="base">
<arg>------------------------- Resultados da busca ---------------------------</arg>
<kw name="Log To Console" library="BuiltIn">
<arg>${variable}</arg>
<doc>Logs the given message to the console.</doc>
<status status="PASS" starttime="20210408 14:30:01.806" endtime="20210408 14:30:01.806"/>
</kw>
<kw name="Set Variable" library="BuiltIn">
<var>${format_variable}</var>
<arg>${variable}\n</arg>
<doc>Returns the given values which can then be assigned to a variables.</doc>
<msg timestamp="20210408 14:30:01.807" level="INFO">${format_variable} = ------------------------- Resultados da busca ---------------------------
</msg>
<status status="PASS" starttime="20210408 14:30:01.806" endtime="20210408 14:30:01.807"/>
</kw>
<kw name="Append To File" library="OperatingSystem">
<arg>${EXECDIR}/relatorio/${tag}.txt</arg>
<arg>${format_variable}</arg>
<doc>Appends the given content to the specified file.</doc>
<msg timestamp="20210408 14:30:01.809" level="INFO" html="true">Appended to file '&lt;a href="file://C:\Projetos\Estudos\robotSmiles\relatorio\gru_cdg.txt"&gt;C:\Projetos\Estudos\robotSmiles\relatorio\gru_cdg.txt&lt;/a&gt;'.</msg>
<status status="PASS" starttime="20210408 14:30:01.807" endtime="20210408 14:30:01.809"/>
</kw>
<status status="PASS" starttime="20210408 14:30:01.805" endtime="20210408 14:30:01.809"/>
</kw>
<kw name="Get Length" library="BuiltIn">
<var>${voos_ida_size}</var>
<arg>${qtde_voos_ida}</arg>
<doc>Returns and logs the length of the given item as an integer.</doc>
<msg timestamp="20210408 14:30:01.810" level="INFO">Length is 20</msg>
<msg timestamp="20210408 14:30:01.810" level="INFO">${voos_ida_size} = 20</msg>
<status status="PASS" starttime="20210408 14:30:01.810" endtime="20210408 14:30:01.810"/>
</kw>
<kw name="write_in_file" library="base">
<arg>-------------------------------------------------------------------------</arg>
<kw name="Log To Console" library="BuiltIn">
<arg>${variable}</arg>
<doc>Logs the given message to the console.</doc>
<status status="PASS" starttime="20210408 14:30:01.810" endtime="20210408 14:30:01.811"/>
</kw>
<kw name="Set Variable" library="BuiltIn">
<var>${format_variable}</var>
<arg>${variable}\n</arg>
<doc>Returns the given values which can then be assigned to a variables.</doc>
<msg timestamp="20210408 14:30:01.811" level="INFO">${format_variable} = -------------------------------------------------------------------------
</msg>
<status status="PASS" starttime="20210408 14:30:01.811" endtime="20210408 14:30:01.811"/>
</kw>
<kw name="Append To File" library="OperatingSystem">
<arg>${EXECDIR}/relatorio/${tag}.txt</arg>
<arg>${format_variable}</arg>
<doc>Appends the given content to the specified file.</doc>
<msg timestamp="20210408 14:30:01.813" level="INFO" html="true">Appended to file '&lt;a href="file://C:\Projetos\Estudos\robotSmiles\relatorio\gru_cdg.txt"&gt;C:\Projetos\Estudos\robotSmiles\relatorio\gru_cdg.txt&lt;/a&gt;'.</msg>
<status status="PASS" starttime="20210408 14:30:01.811" endtime="20210408 14:30:01.814"/>
</kw>
<status status="PASS" starttime="20210408 14:30:01.810" endtime="20210408 14:30:01.814"/>
</kw>
<kw name="write_in_file" library="base">
<arg>*** Lista de Vôos de IDA: ***</arg>
<kw name="Log To Console" library="BuiltIn">
<arg>${variable}</arg>
<doc>Logs the given message to the console.</doc>
<status status="PASS" starttime="20210408 14:30:01.814" endtime="20210408 14:30:01.815"/>
</kw>
<kw name="Set Variable" library="BuiltIn">
<var>${format_variable}</var>
<arg>${variable}\n</arg>
<doc>Returns the given values which can then be assigned to a variables.</doc>
<msg timestamp="20210408 14:30:01.816" level="INFO">${format_variable} = *** Lista de Vôos de IDA: ***
</msg>
<status status="PASS" starttime="20210408 14:30:01.815" endtime="20210408 14:30:01.816"/>
</kw>
<kw name="Append To File" library="OperatingSystem">
<arg>${EXECDIR}/relatorio/${tag}.txt</arg>
<arg>${format_variable}</arg>
<doc>Appends the given content to the specified file.</doc>
<msg timestamp="20210408 14:30:01.818" level="INFO" html="true">Appended to file '&lt;a href="file://C:\Projetos\Estudos\robotSmiles\relatorio\gru_cdg.txt"&gt;C:\Projetos\Estudos\robotSmiles\relatorio\gru_cdg.txt&lt;/a&gt;'.</msg>
<status status="PASS" starttime="20210408 14:30:01.816" endtime="20210408 14:30:01.818"/>
</kw>
<status status="PASS" starttime="20210408 14:30:01.814" endtime="20210408 14:30:01.818"/>
</kw>
<kw name="write_in_file" library="base">
<arg>-------------------------------------------------------------------------</arg>
<kw name="Log To Console" library="BuiltIn">
<arg>${variable}</arg>
<doc>Logs the given message to the console.</doc>
<status status="PASS" starttime="20210408 14:30:01.818" endtime="20210408 14:30:01.819"/>
</kw>
<kw name="Set Variable" library="BuiltIn">
<var>${format_variable}</var>
<arg>${variable}\n</arg>
<doc>Returns the given values which can then be assigned to a variables.</doc>
<msg timestamp="20210408 14:30:01.820" level="INFO">${format_variable} = -------------------------------------------------------------------------
</msg>
<status status="PASS" starttime="20210408 14:30:01.819" endtime="20210408 14:30:01.820"/>
</kw>
<kw name="Append To File" library="OperatingSystem">
<arg>${EXECDIR}/relatorio/${tag}.txt</arg>
<arg>${format_variable}</arg>
<doc>Appends the given content to the specified file.</doc>
<msg timestamp="20210408 14:30:01.823" level="INFO" html="true">Appended to file '&lt;a href="file://C:\Projetos\Estudos\robotSmiles\relatorio\gru_cdg.txt"&gt;C:\Projetos\Estudos\robotSmiles\relatorio\gru_cdg.txt&lt;/a&gt;'.</msg>
<status status="PASS" starttime="20210408 14:30:01.820" endtime="20210408 14:30:01.823"/>
</kw>
<status status="PASS" starttime="20210408 14:30:01.818" endtime="20210408 14:30:01.823"/>
</kw>
<kw name="write_in_file" library="base">
<arg>Quantidade de vôos Encontrados: ${voos_ida_size}</arg>
<kw name="Log To Console" library="BuiltIn">
<arg>${variable}</arg>
<doc>Logs the given message to the console.</doc>
<status status="PASS" starttime="20210408 14:30:01.824" endtime="20210408 14:30:01.825"/>
</kw>
<kw name="Set Variable" library="BuiltIn">
<var>${format_variable}</var>
<arg>${variable}\n</arg>
<doc>Returns the given values which can then be assigned to a variables.</doc>
<msg timestamp="20210408 14:30:01.826" level="INFO">${format_variable} = Quantidade de vôos Encontrados: 20
</msg>
<status status="PASS" starttime="20210408 14:30:01.826" endtime="20210408 14:30:01.826"/>
</kw>
<kw name="Append To File" library="OperatingSystem">
<arg>${EXECDIR}/relatorio/${tag}.txt</arg>
<arg>${format_variable}</arg>
<doc>Appends the given content to the specified file.</doc>
<msg timestamp="20210408 14:30:01.828" level="INFO" html="true">Appended to file '&lt;a href="file://C:\Projetos\Estudos\robotSmiles\relatorio\gru_cdg.txt"&gt;C:\Projetos\Estudos\robotSmiles\relatorio\gru_cdg.txt&lt;/a&gt;'.</msg>
<status status="PASS" starttime="20210408 14:30:01.826" endtime="20210408 14:30:01.829"/>
</kw>
<status status="PASS" starttime="20210408 14:30:01.823" endtime="20210408 14:30:01.829"/>
</kw>
<kw name="write_in_file" library="base">
<arg>-------------------------------------------------------------------------</arg>
<kw name="Log To Console" library="BuiltIn">
<arg>${variable}</arg>
<doc>Logs the given message to the console.</doc>
<status status="PASS" starttime="20210408 14:30:01.829" endtime="20210408 14:30:01.830"/>
</kw>
<kw name="Set Variable" library="BuiltIn">
<var>${format_variable}</var>
<arg>${variable}\n</arg>
<doc>Returns the given values which can then be assigned to a variables.</doc>
<msg timestamp="20210408 14:30:01.830" level="INFO">${format_variable} = -------------------------------------------------------------------------
</msg>
<status status="PASS" starttime="20210408 14:30:01.830" endtime="20210408 14:30:01.830"/>
</kw>
<kw name="Append To File" library="OperatingSystem">
<arg>${EXECDIR}/relatorio/${tag}.txt</arg>
<arg>${format_variable}</arg>
<doc>Appends the given content to the specified file.</doc>
<msg timestamp="20210408 14:30:01.833" level="INFO" html="true">Appended to file '&lt;a href="file://C:\Projetos\Estudos\robotSmiles\relatorio\gru_cdg.txt"&gt;C:\Projetos\Estudos\robotSmiles\relatorio\gru_cdg.txt&lt;/a&gt;'.</msg>
<status status="PASS" starttime="20210408 14:30:01.831" endtime="20210408 14:30:01.833"/>
</kw>
<status status="PASS" starttime="20210408 14:30:01.829" endtime="20210408 14:30:01.833"/>
</kw>
<for flavor="IN RANGE">
<var>${index}</var>
<value>${voos_ida_size}</value>
<iter>
<var name="${index}">0</var>
<kw name="write_in_file" library="base">
<arg>Opção de Vôo de ida Nº ${index+1}:</arg>
<kw name="Log To Console" library="BuiltIn">
<arg>${variable}</arg>
<doc>Logs the given message to the console.</doc>
<status status="PASS" starttime="20210408 14:30:01.834" endtime="20210408 14:30:01.835"/>
</kw>
<kw name="Set Variable" library="BuiltIn">
<var>${format_variable}</var>
<arg>${variable}\n</arg>
<doc>Returns the given values which can then be assigned to a variables.</doc>
<msg timestamp="20210408 14:30:01.836" level="INFO">${format_variable} = Opção de Vôo de ida Nº 1:
</msg>
<status status="PASS" starttime="20210408 14:30:01.835" endtime="20210408 14:30:01.836"/>
</kw>
<kw name="Append To File" library="OperatingSystem">
<arg>${EXECDIR}/relatorio/${tag}.txt</arg>
<arg>${format_variable}</arg>
<doc>Appends the given content to the specified file.</doc>
<msg timestamp="20210408 14:30:01.839" level="INFO" html="true">Appended to file '&lt;a href="file://C:\Projetos\Estudos\robotSmiles\relatorio\gru_cdg.txt"&gt;C:\Projetos\Estudos\robotSmiles\relatorio\gru_cdg.txt&lt;/a&gt;'.</msg>
<status status="PASS" starttime="20210408 14:30:01.836" endtime="20210408 14:30:01.839"/>
</kw>
<status status="PASS" starttime="20210408 14:30:01.834" endtime="20210408 14:30:01.839"/>
</kw>
<kw name="openDetails" library="base">
<arg>${btn_detalhes_ida}</arg>
<arg>${index}</arg>
<kw name="Get From List" library="Collections">
<var>${element}</var>
<arg>${btn}</arg>
<arg>${index}</arg>
<doc>Returns the value specified with an ``index`` from ``list``.</doc>
<msg timestamp="20210408 14:30:01.840" level="INFO">${element} = &lt;selenium.webdriver.remote.webelement.WebElement (session="30fe09bba1158d1c63e27fe8223f65f8", element="489060d6-2eb5-43ac-85b3-ba83ea574fbe")&gt;</msg>
<status status="PASS" starttime="20210408 14:30:01.840" endtime="20210408 14:30:01.840"/>
</kw>
<kw name="Click Element" library="SeleniumLibrary">
<arg>${element}</arg>
<doc>Click the element identified by ``locator``.</doc>
<msg timestamp="20210408 14:30:01.841" level="INFO">Clicking element '&lt;selenium.webdriver.remote.webelement.WebElement (session="30fe09bba1158d1c63e27fe8223f65f8", element="489060d6-2eb5-43ac-85b3-ba83ea574fbe")&gt;'.</msg>
<status status="PASS" starttime="20210408 14:30:01.840" endtime="20210408 14:30:02.697"/>
</kw>
<kw name="Get WebElements" library="SeleniumLibrary">
<var>${disclaimer}</var>
<arg>css:.flight-details__disclaimer</arg>
<doc>Returns a list of WebElement objects matching the ``locator``.</doc>
<msg timestamp="20210408 14:30:02.934" level="INFO">${disclaimer} = [&lt;selenium.webdriver.remote.webelement.WebElement (session="30fe09bba1158d1c63e27fe8223f65f8", element="2ed6fc0a-10c3-4ee5-81bf-78bd07677cb9")&gt;, &lt;selenium.webdriver.remote.webelement.WebElement (sessi...</msg>
<status status="PASS" starttime="20210408 14:30:02.698" endtime="20210408 14:30:02.934"/>
</kw>
<kw name="Get From List" library="Collections">
<var>${disclaimer0}</var>
<arg>${disclaimer}</arg>
<arg>0</arg>
<doc>Returns the value specified with an ``index`` from ``list``.</doc>
<msg timestamp="20210408 14:30:02.935" level="INFO">${disclaimer0} = &lt;selenium.webdriver.remote.webelement.WebElement (session="30fe09bba1158d1c63e27fe8223f65f8", element="2ed6fc0a-10c3-4ee5-81bf-78bd07677cb9")&gt;</msg>
<status status="PASS" starttime="20210408 14:30:02.934" endtime="20210408 14:30:02.935"/>
</kw>
<kw name="Scroll Element Into View" library="SeleniumLibrary">
<arg>${disclaimer0}</arg>
<doc>Scrolls the element identified by ``locator`` into view.</doc>
<status status="PASS" starttime="20210408 14:30:02.935" endtime="20210408 14:30:03.743"/>
</kw>
<kw name="Capture Page Screenshot" library="SeleniumLibrary">
<doc>Takes a screenshot of the current page and embeds it into a log file.</doc>
<msg timestamp="20210408 14:30:04.099" level="INFO" html="true">&lt;/td&gt;&lt;/tr&gt;&lt;tr&gt;&lt;td colspan="3"&gt;&lt;a href="selenium-screenshot-21.png"&gt;&lt;img src="selenium-screenshot-21.png" width="800px"&gt;&lt;/a&gt;</msg>
<status status="PASS" starttime="20210408 14:30:03.743" endtime="20210408 14:30:04.099"/>
</kw>
<status status="PASS" starttime="20210408 14:30:01.839" endtime="20210408 14:30:04.099"/>
</kw>
<kw name="get_elements_ida" library="base">
<var>${company_ida}</var>
<var>${numero_voo_ida}</var>
<var>${tipo_voo_ida}</var>
<var>${data_hora_partida_ida}</var>
<var>${data_hora_chegada_ida}</var>
<var>${valor_milhas_ida}</var>
<var>${valor_smilesMoney_ida}</var>
<var>${companylogo}</var>
<kw name="Get WebElements" library="SeleniumLibrary">
<var>${company_ida}</var>
<arg>css:#firstFlights article[id*='flightsArticle'] div.compThumb img.visible-desktop</arg>
<doc>Returns a list of WebElement objects matching the ``locator``.</doc>
<msg timestamp="20210408 14:30:04.115" level="INFO">${company_ida} = [&lt;selenium.webdriver.remote.webelement.WebElement (session="30fe09bba1158d1c63e27fe8223f65f8", element="4b1ac925-46b1-4aa3-acce-4c48ebbc1d8d")&gt;, &lt;selenium.webdriver.remote.webelement.WebElement (sessi...</msg>
<status status="PASS" starttime="20210408 14:30:04.100" endtime="20210408 14:30:04.115"/>
</kw>
<kw name="Get WebElements" library="SeleniumLibrary">
<var>${numero_voo_ida}</var>
<arg>css:#firstFlights article[id*='flightsArticle'] div.details-bt .checkin-details__flight p</arg>
<doc>Returns a list of WebElement objects matching the ``locator``.</doc>
<msg timestamp="20210408 14:30:04.131" level="INFO">${numero_voo_ida} = [&lt;selenium.webdriver.remote.webelement.WebElement (session="30fe09bba1158d1c63e27fe8223f65f8", element="c2339329-5e6f-42b4-8a55-7b63e28dda5b")&gt;, &lt;selenium.webdriver.remote.webelement.WebElement (sessi...</msg>
<status status="PASS" starttime="20210408 14:30:04.115" endtime="20210408 14:30:04.131"/>
</kw>
<kw name="Get WebElements" library="SeleniumLibrary">
<var>${tipo_voo_ida}</var>
<arg>css:#firstFlights article[id*='flightsArticle'] div.desk-banners div p[class*=cabin]</arg>
<doc>Returns a list of WebElement objects matching the ``locator``.</doc>
<msg timestamp="20210408 14:30:04.147" level="INFO">${tipo_voo_ida} = [&lt;selenium.webdriver.remote.webelement.WebElement (session="30fe09bba1158d1c63e27fe8223f65f8", element="49605b3f-a9f8-4af2-ad04-5b44d3efcc1b")&gt;, &lt;selenium.webdriver.remote.webelement.WebElement (sessi...</msg>
<status status="PASS" starttime="20210408 14:30:04.131" endtime="20210408 14:30:04.147"/>
</kw>
<kw name="Get WebElements" library="SeleniumLibrary">
<var>${data_hora_partida_ida}</var>
<arg>css:#firstFlights article[id*='flightsArticle'] .checkin-details__depart .visible-desktop span:nth-child(2)</arg>
<doc>Returns a list of WebElement objects matching the ``locator``.</doc>
<msg timestamp="20210408 14:30:04.162" level="INFO">${data_hora_partida_ida} = [&lt;selenium.webdriver.remote.webelement.WebElement (session="30fe09bba1158d1c63e27fe8223f65f8", element="080914ee-63f1-41a4-8e57-912e84a544b8")&gt;, &lt;selenium.webdriver.remote.webelement.WebElement (sessi...</msg>
<status status="PASS" starttime="20210408 14:30:04.147" endtime="20210408 14:30:04.162"/>
</kw>
<kw name="Get WebElements" library="SeleniumLibrary">
<var>${data_hora_chegada_ida}</var>
<arg>css:#firstFlights article[id*='flightsArticle'] .checkin-details__return .visible-desktop span:nth-child(2)</arg>
<doc>Returns a list of WebElement objects matching the ``locator``.</doc>
<msg timestamp="20210408 14:30:04.178" level="INFO">${data_hora_chegada_ida} = [&lt;selenium.webdriver.remote.webelement.WebElement (session="30fe09bba1158d1c63e27fe8223f65f8", element="3588604c-6049-4352-94c9-400b598b24b1")&gt;, &lt;selenium.webdriver.remote.webelement.WebElement (sessi...</msg>
<status status="PASS" starttime="20210408 14:30:04.162" endtime="20210408 14:30:04.178"/>
</kw>
<kw name="Get WebElements" library="SeleniumLibrary">
<var>${valor_milhas_ida}</var>
<arg>css:#firstFlights article[id*='flightsArticle'] .payment-options .column-miles li.club .flightcb</arg>
<doc>Returns a list of WebElement objects matching the ``locator``.</doc>
<msg timestamp="20210408 14:30:04.196" level="INFO">${valor_milhas_ida} = [&lt;selenium.webdriver.remote.webelement.WebElement (session="30fe09bba1158d1c63e27fe8223f65f8", element="a756d47a-2cf1-452c-8c66-b6b86fed7f4f")&gt;, &lt;selenium.webdriver.remote.webelement.WebElement (sessi...</msg>
<status status="PASS" starttime="20210408 14:30:04.178" endtime="20210408 14:30:04.196"/>
</kw>
<kw name="Get WebElements" library="SeleniumLibrary">
<var>${valor_smilesMoney_ida}</var>
<arg>css:#firstFlights article[id*='flightsArticle'] .payment-options .column-mandm li.club .flightcb</arg>
<doc>Returns a list of WebElement objects matching the ``locator``.</doc>
<msg timestamp="20210408 14:30:04.214" level="INFO">${valor_smilesMoney_ida} = [&lt;selenium.webdriver.remote.webelement.WebElement (session="30fe09bba1158d1c63e27fe8223f65f8", element="d5fa0ff7-005a-43ed-96fd-1903093cae27")&gt;, &lt;selenium.webdriver.remote.webelement.WebElement (sessi...</msg>
<status status="PASS" starttime="20210408 14:30:04.196" endtime="20210408 14:30:04.214"/>
</kw>
<kw name="Get WebElements" library="SeleniumLibrary">
<var>${companylogo}</var>
<arg>css:#firstFlights article[id*='flightsArticle'] .company__thumb</arg>
<doc>Returns a list of WebElement objects matching the ``locator``.</doc>
<msg timestamp="20210408 14:30:04.231" level="INFO">${companylogo} = [&lt;selenium.webdriver.remote.webelement.WebElement (session="30fe09bba1158d1c63e27fe8223f65f8", element="705d51a4-25a2-45c3-97a6-1970e54069e7")&gt;, &lt;selenium.webdriver.remote.webelement.WebElement (sessi...</msg>
<status status="PASS" starttime="20210408 14:30:04.214" endtime="20210408 14:30:04.231"/>
</kw>
<msg timestamp="20210408 14:30:04.231" level="INFO">${company_ida} = [&lt;selenium.webdriver.remote.webelement.WebElement (session="30fe09bba1158d1c63e27fe8223f65f8", element="4b1ac925-46b1-4aa3-acce-4c48ebbc1d8d")&gt;, &lt;selenium.webdriver.remote.webelement.WebElement (sessi...</msg>
<msg timestamp="20210408 14:30:04.231" level="INFO">${numero_voo_ida} = [&lt;selenium.webdriver.remote.webelement.WebElement (session="30fe09bba1158d1c63e27fe8223f65f8", element="c2339329-5e6f-42b4-8a55-7b63e28dda5b")&gt;, &lt;selenium.webdriver.remote.webelement.WebElement (sessi...</msg>
<msg timestamp="20210408 14:30:04.231" level="INFO">${tipo_voo_ida} = [&lt;selenium.webdriver.remote.webelement.WebElement (session="30fe09bba1158d1c63e27fe8223f65f8", element="49605b3f-a9f8-4af2-ad04-5b44d3efcc1b")&gt;, &lt;selenium.webdriver.remote.webelement.WebElement (sessi...</msg>
<msg timestamp="20210408 14:30:04.232" level="INFO">${data_hora_partida_ida} = [&lt;selenium.webdriver.remote.webelement.WebElement (session="30fe09bba1158d1c63e27fe8223f65f8", element="080914ee-63f1-41a4-8e57-912e84a544b8")&gt;, &lt;selenium.webdriver.remote.webelement.WebElement (sessi...</msg>
<msg timestamp="20210408 14:30:04.232" level="INFO">${data_hora_chegada_ida} = [&lt;selenium.webdriver.remote.webelement.WebElement (session="30fe09bba1158d1c63e27fe8223f65f8", element="3588604c-6049-4352-94c9-400b598b24b1")&gt;, &lt;selenium.webdriver.remote.webelement.WebElement (sessi...</msg>
<msg timestamp="20210408 14:30:04.232" level="INFO">${valor_milhas_ida} = [&lt;selenium.webdriver.remote.webelement.WebElement (session="30fe09bba1158d1c63e27fe8223f65f8", element="a756d47a-2cf1-452c-8c66-b6b86fed7f4f")&gt;, &lt;selenium.webdriver.remote.webelement.WebElement (sessi...</msg>
<msg timestamp="20210408 14:30:04.232" level="INFO">${valor_smilesMoney_ida} = [&lt;selenium.webdriver.remote.webelement.WebElement (session="30fe09bba1158d1c63e27fe8223f65f8", element="d5fa0ff7-005a-43ed-96fd-1903093cae27")&gt;, &lt;selenium.webdriver.remote.webelement.WebElement (sessi...</msg>
<msg timestamp="20210408 14:30:04.232" level="INFO">${companylogo} = [&lt;selenium.webdriver.remote.webelement.WebElement (session="30fe09bba1158d1c63e27fe8223f65f8", element="705d51a4-25a2-45c3-97a6-1970e54069e7")&gt;, &lt;selenium.webdriver.remote.webelement.WebElement (sessi...</msg>
<status status="PASS" starttime="20210408 14:30:04.100" endtime="20210408 14:30:04.232"/>
</kw>
<kw name="checkimage" library="base">
<arg>${companylogo}</arg>
<arg>${index}</arg>
<kw name="Get From List" library="Collections">
<var>${elementname}</var>
<arg>${companylogo}</arg>
<arg>${index}</arg>
<doc>Returns the value specified with an ``index`` from ``list``.</doc>
<msg timestamp="20210408 14:30:04.233" level="INFO">${elementname} = &lt;selenium.webdriver.remote.webelement.WebElement (session="30fe09bba1158d1c63e27fe8223f65f8", element="705d51a4-25a2-45c3-97a6-1970e54069e7")&gt;</msg>
<status status="PASS" starttime="20210408 14:30:04.233" endtime="20210408 14:30:04.233"/>
</kw>
<kw name="Page Should Contain Image" library="SeleniumLibrary">
<arg>${elementname}</arg>
<doc>Verifies image identified by ``locator`` is found from current page.</doc>
<msg timestamp="20210408 14:30:04.233" level="INFO">Current page contains image '&lt;selenium.webdriver.remote.webelement.WebElement (session="30fe09bba1158d1c63e27fe8223f65f8", element="705d51a4-25a2-45c3-97a6-1970e54069e7")&gt;'.</msg>
<status status="PASS" starttime="20210408 14:30:04.233" endtime="20210408 14:30:04.233"/>
</kw>
<status status="PASS" starttime="20210408 14:30:04.232" endtime="20210408 14:30:04.233"/>
</kw>
<kw name="company_name" library="base">
<arg>${company_ida}</arg>
<arg>${index}</arg>
<kw name="Get From List" library="Collections">
<var>${elementname}</var>
<arg>${company_ida}</arg>
<arg>${index}</arg>
<doc>Returns the value specified with an ``index`` from ``list``.</doc>
<msg timestamp="20210408 14:30:04.234" level="INFO">${elementname} = &lt;selenium.webdriver.remote.webelement.WebElement (session="30fe09bba1158d1c63e27fe8223f65f8", element="4b1ac925-46b1-4aa3-acce-4c48ebbc1d8d")&gt;</msg>
<status status="PASS" starttime="20210408 14:30:04.234" endtime="20210408 14:30:04.234"/>
</kw>
<kw name="Get Element Attribute" library="SeleniumLibrary">
<var>${url}</var>
<arg>${elementname}</arg>
<arg>src</arg>
<doc>Returns the value of ``attribute`` from the element ``locator``.</doc>
<msg timestamp="20210408 14:30:04.248" level="INFO">${url} = https://www.smiles.com.br/smiles-theme/images/svg/partners/AA%20-%20American%20Airlines.svg?v=2</msg>
<status status="PASS" starttime="20210408 14:30:04.234" endtime="20210408 14:30:04.248"/>
</kw>
<kw name="Evaluate" library="BuiltIn">
<var>${airfrance}</var>
<arg>"airfrance" in """${url}"""</arg>
<doc>Evaluates the given expression in Python and returns the result.</doc>
<msg timestamp="20210408 14:30:04.249" level="INFO">${airfrance} = False</msg>
<status status="PASS" starttime="20210408 14:30:04.248" endtime="20210408 14:30:04.249"/>
</kw>
<kw name="Evaluate" library="BuiltIn">
<var>${qatar}</var>
<arg>"qatar" in """${url}"""</arg>
<doc>Evaluates the given expression in Python and returns the result.</doc>
<msg timestamp="20210408 14:30:04.249" level="INFO">${qatar} = False</msg>
<status status="PASS" starttime="20210408 14:30:04.249" endtime="20210408 14:30:04.249"/>
</kw>
<kw name="Evaluate" library="BuiltIn">
<var>${klm}</var>
<arg>"klm" in """${url}"""</arg>
<doc>Evaluates the given expression in Python and returns the result.</doc>
<msg timestamp="20210408 14:30:04.249" level="INFO">${klm} = False</msg>
<status status="PASS" starttime="20210408 14:30:04.249" endtime="20210408 14:30:04.249"/>
</kw>
<kw name="Evaluate" library="BuiltIn">
<var>${emirates}</var>
<arg>"emirates" in """${url}"""</arg>
<doc>Evaluates the given expression in Python and returns the result.</doc>
<msg timestamp="20210408 14:30:04.250" level="INFO">${emirates} = False</msg>
<status status="PASS" starttime="20210408 14:30:04.250" endtime="20210408 14:30:04.250"/>
</kw>
<kw name="Evaluate" library="BuiltIn">
<var>${alitalia}</var>
<arg>"alitalia" in """${url}"""</arg>
<doc>Evaluates the given expression in Python and returns the result.</doc>
<msg timestamp="20210408 14:30:04.250" level="INFO">${alitalia} = False</msg>
<status status="PASS" starttime="20210408 14:30:04.250" endtime="20210408 14:30:04.250"/>
</kw>
<kw name="Run Keyword If" library="BuiltIn">
<arg>'${airfrance}'== 'True'</arg>
<arg>Run Keywords</arg>
<arg>airfrance</arg>
<arg>ELSE IF</arg>
<arg>'${qatar}'== 'True'</arg>
<arg>Run Keywords</arg>
<arg>qatar</arg>
<arg>ELSE IF</arg>
<arg>'${klm}'== 'True'</arg>
<arg>Run Keywords</arg>
<arg>klm</arg>
<arg>ELSE IF</arg>
<arg>'${emirates}'== 'True'</arg>
<arg>Run Keywords</arg>
<arg>emirates</arg>
<arg>ELSE IF</arg>
<arg>'${alitalia}'== 'True'</arg>
<arg>Run Keywords</arg>
<arg>alitalia</arg>
<arg>ELSE</arg>
<arg>Run Keywords</arg>
<arg>notClassified</arg>
<doc>Runs the given keyword with the given arguments, if ``condition`` is true.</doc>
<kw name="Run Keywords" library="BuiltIn">
<arg>notClassified</arg>
<doc>Executes all the given keywords in a sequence.</doc>
<kw name="notClassified" library="base">
<kw name="write_in_file" library="base">
<arg>Companhia Aérea: Não Classificada.</arg>
<kw name="Log To Console" library="BuiltIn">
<arg>${variable}</arg>
<doc>Logs the given message to the console.</doc>
<status status="PASS" starttime="20210408 14:30:04.252" endtime="20210408 14:30:04.252"/>
</kw>
<kw name="Set Variable" library="BuiltIn">
<var>${format_variable}</var>
<arg>${variable}\n</arg>
<doc>Returns the given values which can then be assigned to a variables.</doc>
<msg timestamp="20210408 14:30:04.253" level="INFO">${format_variable} = Companhia Aérea: Não Classificada.
</msg>
<status status="PASS" starttime="20210408 14:30:04.253" endtime="20210408 14:30:04.253"/>
</kw>
<kw name="Append To File" library="OperatingSystem">
<arg>${EXECDIR}/relatorio/${tag}.txt</arg>
<arg>${format_variable}</arg>
<doc>Appends the given content to the specified file.</doc>
<msg timestamp="20210408 14:30:04.255" level="INFO" html="true">Appended to file '&lt;a href="file://C:\Projetos\Estudos\robotSmiles\relatorio\gru_cdg.txt"&gt;C:\Projetos\Estudos\robotSmiles\relatorio\gru_cdg.txt&lt;/a&gt;'.</msg>
<status status="PASS" starttime="20210408 14:30:04.253" endtime="20210408 14:30:04.255"/>
</kw>
<status status="PASS" starttime="20210408 14:30:04.251" endtime="20210408 14:30:04.255"/>
</kw>
<status status="PASS" starttime="20210408 14:30:04.251" endtime="20210408 14:30:04.255"/>
</kw>
<status status="PASS" starttime="20210408 14:30:04.251" endtime="20210408 14:30:04.255"/>
</kw>
<status status="PASS" starttime="20210408 14:30:04.250" endtime="20210408 14:30:04.255"/>
</kw>
<status status="PASS" starttime="20210408 14:30:04.233" endtime="20210408 14:30:04.256"/>
</kw>
<kw name="numero_voo" library="base">
<arg>${numero_voo_ida}</arg>
<kw name="Get Length" library="BuiltIn">
<var>${size}</var>
<arg>${numero_voo_ida}</arg>
<doc>Returns and logs the length of the given item as an integer.</doc>
<msg timestamp="20210408 14:30:04.256" level="INFO">Length is 2</msg>
<msg timestamp="20210408 14:30:04.257" level="INFO">${size} = 2</msg>
<status status="PASS" starttime="20210408 14:30:04.256" endtime="20210408 14:30:04.257"/>
</kw>
<kw name="Set Variable" library="BuiltIn">
<var>${mensagem}</var>
<arg>Número do Vôo:</arg>
<doc>Returns the given values which can then be assigned to a variables.</doc>
<msg timestamp="20210408 14:30:04.257" level="INFO">${mensagem} = Número do Vôo:</msg>
<status status="PASS" starttime="20210408 14:30:04.257" endtime="20210408 14:30:04.257"/>
</kw>
<kw name="Run Keyword If" library="BuiltIn">
<arg>${size}&gt;1</arg>
<arg>log to console</arg>
<arg>** Atenção, essa opção possui conexão **</arg>
<doc>Runs the given keyword with the given arguments, if ``condition`` is true.</doc>
<kw name="Log To Console" library="BuiltIn">
<arg>** Atenção, essa opção possui conexão **</arg>
<doc>Logs the given message to the console.</doc>
<status status="PASS" starttime="20210408 14:30:04.257" endtime="20210408 14:30:04.258"/>
</kw>
<status status="PASS" starttime="20210408 14:30:04.257" endtime="20210408 14:30:04.258"/>
</kw>
<for flavor="IN">
<var>${element}</var>
<value>@{numero_voo_ida}</value>
<iter>
<var name="${element}">&lt;selenium.webdriver.remote.webelement.WebElement (session="30fe09bba1158d1c63e27fe8223f65f8", element="c2339329-5e6f-42b4-8a55-7b63e28dda5b")&gt;</var>
<kw name="Get Lines Containing String" library="String">
<var>${lines}</var>
<arg>${element.text}</arg>
<arg>Voo</arg>
<doc>Returns lines of the given ``string`` that contain the ``pattern``.</doc>
<msg timestamp="20210408 14:30:04.279" level="INFO">1 out of 2 lines matched</msg>
<msg timestamp="20210408 14:30:04.279" level="INFO">${lines} = Voo 0950</msg>
<status status="PASS" starttime="20210408 14:30:04.259" endtime="20210408 14:30:04.279"/>
</kw>
<kw name="write_in_file" library="base">
<arg>${mensagem} ${lines}</arg>
<kw name="Log To Console" library="BuiltIn">
<arg>${variable}</arg>
<doc>Logs the given message to the console.</doc>
<status status="PASS" starttime="20210408 14:30:04.280" endtime="20210408 14:30:04.280"/>
</kw>
<kw name="Set Variable" library="BuiltIn">
<var>${format_variable}</var>
<arg>${variable}\n</arg>
<doc>Returns the given values which can then be assigned to a variables.</doc>
<msg timestamp="20210408 14:30:04.281" level="INFO">${format_variable} = Número do Vôo: Voo 0950
</msg>
<status status="PASS" starttime="20210408 14:30:04.280" endtime="20210408 14:30:04.281"/>
</kw>
<kw name="Append To File" library="OperatingSystem">
<arg>${EXECDIR}/relatorio/${tag}.txt</arg>
<arg>${format_variable}</arg>
<doc>Appends the given content to the specified file.</doc>
<msg timestamp="20210408 14:30:04.283" level="INFO" html="true">Appended to file '&lt;a href="file://C:\Projetos\Estudos\robotSmiles\relatorio\gru_cdg.txt"&gt;C:\Projetos\Estudos\robotSmiles\relatorio\gru_cdg.txt&lt;/a&gt;'.</msg>
<status status="PASS" starttime="20210408 14:30:04.281" endtime="20210408 14:30:04.284"/>
</kw>
<status status="PASS" starttime="20210408 14:30:04.279" endtime="20210408 14:30:04.284"/>
</kw>
<kw name="Set Variable If" library="BuiltIn">
<var>${mensagem}</var>
<arg>${size}&gt;1</arg>
<arg>Número da Conexão:</arg>
<doc>Sets variable based on the given condition.</doc>
<msg timestamp="20210408 14:30:04.284" level="INFO">${mensagem} = Número da Conexão:</msg>
<status status="PASS" starttime="20210408 14:30:04.284" endtime="20210408 14:30:04.284"/>
</kw>
<status status="PASS" starttime="20210408 14:30:04.258" endtime="20210408 14:30:04.284"/>
</iter>
<iter>
<var name="${element}">&lt;selenium.webdriver.remote.webelement.WebElement (session="30fe09bba1158d1c63e27fe8223f65f8", element="d19af14b-c2d6-4f28-b0ec-643fbf9e9db6")&gt;</var>
<kw name="Get Lines Containing String" library="String">
<var>${lines}</var>
<arg>${element.text}</arg>
<arg>Voo</arg>
<doc>Returns lines of the given ``string`` that contain the ``pattern``.</doc>
<msg timestamp="20210408 14:30:04.305" level="INFO">1 out of 2 lines matched</msg>
<msg timestamp="20210408 14:30:04.305" level="INFO">${lines} = Voo 0044</msg>
<status status="PASS" starttime="20210408 14:30:04.285" endtime="20210408 14:30:04.305"/>
</kw>
<kw name="write_in_file" library="base">
<arg>${mensagem} ${lines}</arg>
<kw name="Log To Console" library="BuiltIn">
<arg>${variable}</arg>
<doc>Logs the given message to the console.</doc>
<status status="PASS" starttime="20210408 14:30:04.306" endtime="20210408 14:30:04.306"/>
</kw>
<kw name="Set Variable" library="BuiltIn">
<var>${format_variable}</var>
<arg>${variable}\n</arg>
<doc>Returns the given values which can then be assigned to a variables.</doc>
<msg timestamp="20210408 14:30:04.307" level="INFO">${format_variable} = Número da Conexão: Voo 0044
</msg>
<status status="PASS" starttime="20210408 14:30:04.307" endtime="20210408 14:30:04.307"/>
</kw>
<kw name="Append To File" library="OperatingSystem">
<arg>${EXECDIR}/relatorio/${tag}.txt</arg>
<arg>${format_variable}</arg>
<doc>Appends the given content to the specified file.</doc>
<msg timestamp="20210408 14:30:04.309" level="INFO" html="true">Appended to file '&lt;a href="file://C:\Projetos\Estudos\robotSmiles\relatorio\gru_cdg.txt"&gt;C:\Projetos\Estudos\robotSmiles\relatorio\gru_cdg.txt&lt;/a&gt;'.</msg>
<status status="PASS" starttime="20210408 14:30:04.307" endtime="20210408 14:30:04.309"/>
</kw>
<status status="PASS" starttime="20210408 14:30:04.305" endtime="20210408 14:30:04.310"/>
</kw>
<kw name="Set Variable If" library="BuiltIn">
<var>${mensagem}</var>
<arg>${size}&gt;1</arg>
<arg>Número da Conexão:</arg>
<doc>Sets variable based on the given condition.</doc>
<msg timestamp="20210408 14:30:04.310" level="INFO">${mensagem} = Número da Conexão:</msg>
<status status="PASS" starttime="20210408 14:30:04.310" endtime="20210408 14:30:04.310"/>
</kw>
<status status="PASS" starttime="20210408 14:30:04.285" endtime="20210408 14:30:04.310"/>
</iter>
<status status="PASS" starttime="20210408 14:30:04.258" endtime="20210408 14:30:04.310"/>
</for>
<status status="PASS" starttime="20210408 14:30:04.256" endtime="20210408 14:30:04.310"/>
</kw>
<kw name="tipo_voo" library="base">
<arg>${tipo_voo_ida}</arg>
<arg>${index}</arg>
<kw name="Get From List" library="Collections">
<var>${element}</var>
<arg>${tipo_voo_ida}</arg>
<arg>${index}</arg>
<doc>Returns the value specified with an ``index`` from ``list``.</doc>
<msg timestamp="20210408 14:30:04.311" level="INFO">${element} = &lt;selenium.webdriver.remote.webelement.WebElement (session="30fe09bba1158d1c63e27fe8223f65f8", element="49605b3f-a9f8-4af2-ad04-5b44d3efcc1b")&gt;</msg>
<status status="PASS" starttime="20210408 14:30:04.311" endtime="20210408 14:30:04.311"/>
</kw>
<kw name="write_in_file" library="base">
<arg>Tipo de Vôo: ${element.text}</arg>
<kw name="Log To Console" library="BuiltIn">
<arg>${variable}</arg>
<doc>Logs the given message to the console.</doc>
<status status="PASS" starttime="20210408 14:30:04.331" endtime="20210408 14:30:04.332"/>
</kw>
<kw name="Set Variable" library="BuiltIn">
<var>${format_variable}</var>
<arg>${variable}\n</arg>
<doc>Returns the given values which can then be assigned to a variables.</doc>
<msg timestamp="20210408 14:30:04.333" level="INFO">${format_variable} = Tipo de Vôo: Cabine Premium Economy
</msg>
<status status="PASS" starttime="20210408 14:30:04.332" endtime="20210408 14:30:04.333"/>
</kw>
<kw name="Append To File" library="OperatingSystem">
<arg>${EXECDIR}/relatorio/${tag}.txt</arg>
<arg>${format_variable}</arg>
<doc>Appends the given content to the specified file.</doc>
<msg timestamp="20210408 14:30:04.335" level="INFO" html="true">Appended to file '&lt;a href="file://C:\Projetos\Estudos\robotSmiles\relatorio\gru_cdg.txt"&gt;C:\Projetos\Estudos\robotSmiles\relatorio\gru_cdg.txt&lt;/a&gt;'.</msg>
<status status="PASS" starttime="20210408 14:30:04.333" endtime="20210408 14:30:04.335"/>
</kw>
<status status="PASS" starttime="20210408 14:30:04.311" endtime="20210408 14:30:04.336"/>
</kw>
<status status="PASS" starttime="20210408 14:30:04.310" endtime="20210408 14:30:04.336"/>
</kw>
<kw name="data_hora_partida" library="base">
<arg>${data_hora_partida_ida}</arg>
<for flavor="IN">
<var>${element}</var>
<value>@{data_hora_partida_ida}</value>
<iter>
<var name="${element}">&lt;selenium.webdriver.remote.webelement.WebElement (session="30fe09bba1158d1c63e27fe8223f65f8", element="080914ee-63f1-41a4-8e57-912e84a544b8")&gt;</var>
<kw name="Run Keyword If" library="BuiltIn">
<arg>"${element.text}"!=""</arg>
<arg>write_in_file</arg>
<arg>Data e Hora da Partida: ${element.text}</arg>
<doc>Runs the given keyword with the given arguments, if ``condition`` is true.</doc>
<kw name="write_in_file" library="base">
<arg>Data e Hora da Partida: ${element.text}</arg>
<kw name="Log To Console" library="BuiltIn">
<arg>${variable}</arg>
<doc>Logs the given message to the console.</doc>
<status status="PASS" starttime="20210408 14:30:04.371" endtime="20210408 14:30:04.372"/>
</kw>
<kw name="Set Variable" library="BuiltIn">
<var>${format_variable}</var>
<arg>${variable}\n</arg>
<doc>Returns the given values which can then be assigned to a variables.</doc>
<msg timestamp="20210408 14:30:04.372" level="INFO">${format_variable} = Data e Hora da Partida: 09/04 21h40*
</msg>
<status status="PASS" starttime="20210408 14:30:04.372" endtime="20210408 14:30:04.372"/>
</kw>
<kw name="Append To File" library="OperatingSystem">
<arg>${EXECDIR}/relatorio/${tag}.txt</arg>
<arg>${format_variable}</arg>
<doc>Appends the given content to the specified file.</doc>
<msg timestamp="20210408 14:30:04.375" level="INFO" html="true">Appended to file '&lt;a href="file://C:\Projetos\Estudos\robotSmiles\relatorio\gru_cdg.txt"&gt;C:\Projetos\Estudos\robotSmiles\relatorio\gru_cdg.txt&lt;/a&gt;'.</msg>
<status status="PASS" starttime="20210408 14:30:04.373" endtime="20210408 14:30:04.375"/>
</kw>
<status status="PASS" starttime="20210408 14:30:04.360" endtime="20210408 14:30:04.375"/>
</kw>
<status status="PASS" starttime="20210408 14:30:04.337" endtime="20210408 14:30:04.375"/>
</kw>
<status status="PASS" starttime="20210408 14:30:04.336" endtime="20210408 14:30:04.375"/>
</iter>
<iter>
<var name="${element}">&lt;selenium.webdriver.remote.webelement.WebElement (session="30fe09bba1158d1c63e27fe8223f65f8", element="5b252add-08d2-43e5-968f-d407498d0f51")&gt;</var>
<kw name="Run Keyword If" library="BuiltIn">
<arg>"${element.text}"!=""</arg>
<arg>write_in_file</arg>
<arg>Data e Hora da Partida: ${element.text}</arg>
<doc>Runs the given keyword with the given arguments, if ``condition`` is true.</doc>
<status status="PASS" starttime="20210408 14:30:04.375" endtime="20210408 14:30:04.395"/>
</kw>
<status status="PASS" starttime="20210408 14:30:04.375" endtime="20210408 14:30:04.395"/>
</iter>
<status status="PASS" starttime="20210408 14:30:04.336" endtime="20210408 14:30:04.395"/>
</for>
<status status="PASS" starttime="20210408 14:30:04.336" endtime="20210408 14:30:04.395"/>
</kw>
<kw name="data_hora_chegada" library="base">
<arg>${data_hora_chegada_ida}</arg>
<for flavor="IN">
<var>${element}</var>
<value>@{data_hora_chegada_ida}</value>
<iter>
<var name="${element}">&lt;selenium.webdriver.remote.webelement.WebElement (session="30fe09bba1158d1c63e27fe8223f65f8", element="3588604c-6049-4352-94c9-400b598b24b1")&gt;</var>
<kw name="Run Keyword If" library="BuiltIn">
<arg>"${element.text}"!=""</arg>
<arg>write_in_file</arg>
<arg>Data e Hora da Chegada: ${element.text}</arg>
<doc>Runs the given keyword with the given arguments, if ``condition`` is true.</doc>
<kw name="write_in_file" library="base">
<arg>Data e Hora da Chegada: ${element.text}</arg>
<kw name="Log To Console" library="BuiltIn">
<arg>${variable}</arg>
<doc>Logs the given message to the console.</doc>
<status status="PASS" starttime="20210408 14:30:04.430" endtime="20210408 14:30:04.431"/>
</kw>
<kw name="Set Variable" library="BuiltIn">
<var>${format_variable}</var>
<arg>${variable}\n</arg>
<doc>Returns the given values which can then be assigned to a variables.</doc>
<msg timestamp="20210408 14:30:04.431" level="INFO">${format_variable} = Data e Hora da Chegada: 11/04 6h55*
</msg>
<status status="PASS" starttime="20210408 14:30:04.431" endtime="20210408 14:30:04.431"/>
</kw>
<kw name="Append To File" library="OperatingSystem">
<arg>${EXECDIR}/relatorio/${tag}.txt</arg>
<arg>${format_variable}</arg>
<doc>Appends the given content to the specified file.</doc>
<msg timestamp="20210408 14:30:04.433" level="INFO" html="true">Appended to file '&lt;a href="file://C:\Projetos\Estudos\robotSmiles\relatorio\gru_cdg.txt"&gt;C:\Projetos\Estudos\robotSmiles\relatorio\gru_cdg.txt&lt;/a&gt;'.</msg>
<status status="PASS" starttime="20210408 14:30:04.431" endtime="20210408 14:30:04.434"/>
</kw>
<status status="PASS" starttime="20210408 14:30:04.416" endtime="20210408 14:30:04.434"/>
</kw>
<status status="PASS" starttime="20210408 14:30:04.396" endtime="20210408 14:30:04.434"/>
</kw>
<status status="PASS" starttime="20210408 14:30:04.396" endtime="20210408 14:30:04.434"/>
</iter>
<iter>
<var name="${element}">&lt;selenium.webdriver.remote.webelement.WebElement (session="30fe09bba1158d1c63e27fe8223f65f8", element="597b5daa-15c1-4a55-bfc7-a6d9c13c578f")&gt;</var>
<kw name="Run Keyword If" library="BuiltIn">
<arg>"${element.text}"!=""</arg>
<arg>write_in_file</arg>
<arg>Data e Hora da Chegada: ${element.text}</arg>
<doc>Runs the given keyword with the given arguments, if ``condition`` is true.</doc>
<status status="PASS" starttime="20210408 14:30:04.434" endtime="20210408 14:30:04.459"/>
</kw>
<status status="PASS" starttime="20210408 14:30:04.434" endtime="20210408 14:30:04.460"/>
</iter>
<status status="PASS" starttime="20210408 14:30:04.396" endtime="20210408 14:30:04.460"/>
</for>
<status status="PASS" starttime="20210408 14:30:04.395" endtime="20210408 14:30:04.460"/>
</kw>
<kw name="quantidade_milhas" library="base">
<arg>${valor_milhas_ida}</arg>
<arg>${index}</arg>
<kw name="Get From List" library="Collections">
<var>${element}</var>
<arg>${valor_milhas_ida}</arg>
<arg>${index}</arg>
<doc>Returns the value specified with an ``index`` from ``list``.</doc>
<msg timestamp="20210408 14:30:04.461" level="INFO">${element} = &lt;selenium.webdriver.remote.webelement.WebElement (session="30fe09bba1158d1c63e27fe8223f65f8", element="a756d47a-2cf1-452c-8c66-b6b86fed7f4f")&gt;</msg>
<status status="PASS" starttime="20210408 14:30:04.460" endtime="20210408 14:30:04.461"/>
</kw>
<kw name="Get Element Attribute" library="SeleniumLibrary">
<var>${valor}</var>
<arg>${element}</arg>
<arg>flt-miles</arg>
<doc>Returns the value of ``attribute`` from the element ``locator``.</doc>
<msg timestamp="20210408 14:30:04.470" level="INFO">${valor} = 113.400</msg>
<status status="PASS" starttime="20210408 14:30:04.461" endtime="20210408 14:30:04.470"/>
</kw>
<kw name="write_in_file" library="base">
<arg>Milhas : ${valor}</arg>
<kw name="Log To Console" library="BuiltIn">
<arg>${variable}</arg>
<doc>Logs the given message to the console.</doc>
<status status="PASS" starttime="20210408 14:30:04.470" endtime="20210408 14:30:04.471"/>
</kw>
<kw name="Set Variable" library="BuiltIn">
<var>${format_variable}</var>
<arg>${variable}\n</arg>
<doc>Returns the given values which can then be assigned to a variables.</doc>
<msg timestamp="20210408 14:30:04.471" level="INFO">${format_variable} = Milhas : 113.400
</msg>
<status status="PASS" starttime="20210408 14:30:04.471" endtime="20210408 14:30:04.471"/>
</kw>
<kw name="Append To File" library="OperatingSystem">
<arg>${EXECDIR}/relatorio/${tag}.txt</arg>
<arg>${format_variable}</arg>
<doc>Appends the given content to the specified file.</doc>
<msg timestamp="20210408 14:30:04.474" level="INFO" html="true">Appended to file '&lt;a href="file://C:\Projetos\Estudos\robotSmiles\relatorio\gru_cdg.txt"&gt;C:\Projetos\Estudos\robotSmiles\relatorio\gru_cdg.txt&lt;/a&gt;'.</msg>
<status status="PASS" starttime="20210408 14:30:04.471" endtime="20210408 14:30:04.474"/>
</kw>
<status status="PASS" starttime="20210408 14:30:04.470" endtime="20210408 14:30:04.474"/>
</kw>
<status status="PASS" starttime="20210408 14:30:04.460" endtime="20210408 14:30:04.474"/>
</kw>
<kw name="milhas_dinheiro" library="base">
<arg>${valor_smilesMoney_ida}</arg>
<arg>${index}</arg>
<kw name="Get From List" library="Collections">
<var>${element}</var>
<arg>${valor_smilesMoney_ida}</arg>
<arg>${index}</arg>
<doc>Returns the value specified with an ``index`` from ``list``.</doc>
<msg timestamp="20210408 14:30:04.475" level="INFO">${element} = &lt;selenium.webdriver.remote.webelement.WebElement (session="30fe09bba1158d1c63e27fe8223f65f8", element="d5fa0ff7-005a-43ed-96fd-1903093cae27")&gt;</msg>
<status status="PASS" starttime="20210408 14:30:04.475" endtime="20210408 14:30:04.475"/>
</kw>
<kw name="Get Element Attribute" library="SeleniumLibrary">
<var>${smiles}</var>
<arg>${element}</arg>
<arg>flt-miles</arg>
<doc>Returns the value of ``attribute`` from the element ``locator``.</doc>
<msg timestamp="20210408 14:30:04.482" level="INFO">${smiles} = 23.600</msg>
<status status="PASS" starttime="20210408 14:30:04.475" endtime="20210408 14:30:04.482"/>
</kw>
<kw name="Get Element Attribute" library="SeleniumLibrary">
<var>${money}</var>
<arg>${element}</arg>
<arg>flt-money</arg>
<doc>Returns the value of ``attribute`` from the element ``locator``.</doc>
<msg timestamp="20210408 14:30:04.494" level="INFO">${money} = 2.850</msg>
<status status="PASS" starttime="20210408 14:30:04.482" endtime="20210408 14:30:04.494"/>
</kw>
<kw name="write_in_file" library="base">
<arg>Smiles &amp; Money: ${smiles} + R$${money}</arg>
<kw name="Log To Console" library="BuiltIn">
<arg>${variable}</arg>
<doc>Logs the given message to the console.</doc>
<status status="PASS" starttime="20210408 14:30:04.494" endtime="20210408 14:30:04.496"/>
</kw>
<kw name="Set Variable" library="BuiltIn">
<var>${format_variable}</var>
<arg>${variable}\n</arg>
<doc>Returns the given values which can then be assigned to a variables.</doc>
<msg timestamp="20210408 14:30:04.496" level="INFO">${format_variable} = Smiles &amp; Money: 23.600 + R$2.850
</msg>
<status status="PASS" starttime="20210408 14:30:04.496" endtime="20210408 14:30:04.496"/>
</kw>
<kw name="Append To File" library="OperatingSystem">
<arg>${EXECDIR}/relatorio/${tag}.txt</arg>
<arg>${format_variable}</arg>
<doc>Appends the given content to the specified file.</doc>
<msg timestamp="20210408 14:30:04.499" level="INFO" html="true">Appended to file '&lt;a href="file://C:\Projetos\Estudos\robotSmiles\relatorio\gru_cdg.txt"&gt;C:\Projetos\Estudos\robotSmiles\relatorio\gru_cdg.txt&lt;/a&gt;'.</msg>
<status status="PASS" starttime="20210408 14:30:04.496" endtime="20210408 14:30:04.499"/>
</kw>
<status status="PASS" starttime="20210408 14:30:04.494" endtime="20210408 14:30:04.499"/>
</kw>
<status status="PASS" starttime="20210408 14:30:04.474" endtime="20210408 14:30:04.499"/>
</kw>
<kw name="closeDetails" library="base">
<arg>${btn_detalhes_ida}</arg>
<arg>${index}</arg>
<kw name="Get From List" library="Collections">
<var>${element}</var>
<arg>${btn}</arg>
<arg>${index}</arg>
<doc>Returns the value specified with an ``index`` from ``list``.</doc>
<msg timestamp="20210408 14:30:04.500" level="INFO">${element} = &lt;selenium.webdriver.remote.webelement.WebElement (session="30fe09bba1158d1c63e27fe8223f65f8", element="489060d6-2eb5-43ac-85b3-ba83ea574fbe")&gt;</msg>
<status status="PASS" starttime="20210408 14:30:04.500" endtime="20210408 14:30:04.500"/>
</kw>
<kw name="Click Element" library="SeleniumLibrary">
<arg>${element}</arg>
<doc>Click the element identified by ``locator``.</doc>
<msg timestamp="20210408 14:30:04.501" level="INFO">Clicking element '&lt;selenium.webdriver.remote.webelement.WebElement (session="30fe09bba1158d1c63e27fe8223f65f8", element="489060d6-2eb5-43ac-85b3-ba83ea574fbe")&gt;'.</msg>
<status status="PASS" starttime="20210408 14:30:04.500" endtime="20210408 14:30:04.951"/>
</kw>
<status status="PASS" starttime="20210408 14:30:04.499" endtime="20210408 14:30:04.952"/>
</kw>
<kw name="write_in_file" library="base">
<arg>-------------------------------------------------------------------------</arg>
<kw name="Log To Console" library="BuiltIn">
<arg>${variable}</arg>
<doc>Logs the given message to the console.</doc>
<status status="PASS" starttime="20210408 14:30:04.952" endtime="20210408 14:30:04.953"/>
</kw>
<kw name="Set Variable" library="BuiltIn">
<var>${format_variable}</var>
<arg>${variable}\n</arg>
<doc>Returns the given values which can then be assigned to a variables.</doc>
<msg timestamp="20210408 14:30:04.954" level="INFO">${format_variable} = -------------------------------------------------------------------------
</msg>
<status status="PASS" starttime="20210408 14:30:04.953" endtime="20210408 14:30:04.954"/>
</kw>
<kw name="Append To File" library="OperatingSystem">
<arg>${EXECDIR}/relatorio/${tag}.txt</arg>
<arg>${format_variable}</arg>
<doc>Appends the given content to the specified file.</doc>
<msg timestamp="20210408 14:30:04.957" level="INFO" html="true">Appended to file '&lt;a href="file://C:\Projetos\Estudos\robotSmiles\relatorio\gru_cdg.txt"&gt;C:\Projetos\Estudos\robotSmiles\relatorio\gru_cdg.txt&lt;/a&gt;'.</msg>
<status status="PASS" starttime="20210408 14:30:04.954" endtime="20210408 14:30:04.957"/>
</kw>
<status status="PASS" starttime="20210408 14:30:04.952" endtime="20210408 14:30:04.957"/>
</kw>
<status status="PASS" starttime="20210408 14:30:01.833" endtime="20210408 14:30:04.957"/>
</iter>
<iter>
<var name="${index}">1</var>
<kw name="write_in_file" library="base">
<arg>Opção de Vôo de ida Nº ${index+1}:</arg>
<kw name="Log To Console" library="BuiltIn">
<arg>${variable}</arg>
<doc>Logs the given message to the console.</doc>
<status status="PASS" starttime="20210408 14:30:04.958" endtime="20210408 14:30:04.959"/>
</kw>
<kw name="Set Variable" library="BuiltIn">
<var>${format_variable}</var>
<arg>${variable}\n</arg>
<doc>Returns the given values which can then be assigned to a variables.</doc>
<msg timestamp="20210408 14:30:04.960" level="INFO">${format_variable} = Opção de Vôo de ida Nº 2:
</msg>
<status status="PASS" starttime="20210408 14:30:04.960" endtime="20210408 14:30:04.960"/>
</kw>
<kw name="Append To File" library="OperatingSystem">
<arg>${EXECDIR}/relatorio/${tag}.txt</arg>
<arg>${format_variable}</arg>
<doc>Appends the given content to the specified file.</doc>
<msg timestamp="20210408 14:30:04.962" level="INFO" html="true">Appended to file '&lt;a href="file://C:\Projetos\Estudos\robotSmiles\relatorio\gru_cdg.txt"&gt;C:\Projetos\Estudos\robotSmiles\relatorio\gru_cdg.txt&lt;/a&gt;'.</msg>
<status status="PASS" starttime="20210408 14:30:04.960" endtime="20210408 14:30:04.963"/>
</kw>
<status status="PASS" starttime="20210408 14:30:04.957" endtime="20210408 14:30:04.963"/>
</kw>
<kw name="openDetails" library="base">
<arg>${btn_detalhes_ida}</arg>
<arg>${index}</arg>
<kw name="Get From List" library="Collections">
<var>${element}</var>
<arg>${btn}</arg>
<arg>${index}</arg>
<doc>Returns the value specified with an ``index`` from ``list``.</doc>
<msg timestamp="20210408 14:30:04.965" level="INFO">${element} = &lt;selenium.webdriver.remote.webelement.WebElement (session="30fe09bba1158d1c63e27fe8223f65f8", element="c3c6a2c7-082b-445e-b806-3ca5c88c5503")&gt;</msg>
<status status="PASS" starttime="20210408 14:30:04.964" endtime="20210408 14:30:04.965"/>
</kw>
<kw name="Click Element" library="SeleniumLibrary">
<arg>${element}</arg>
<doc>Click the element identified by ``locator``.</doc>
<msg timestamp="20210408 14:30:04.966" level="INFO">Clicking element '&lt;selenium.webdriver.remote.webelement.WebElement (session="30fe09bba1158d1c63e27fe8223f65f8", element="c3c6a2c7-082b-445e-b806-3ca5c88c5503")&gt;'.</msg>
<status status="PASS" starttime="20210408 14:30:04.966" endtime="20210408 14:30:05.996"/>
</kw>
<kw name="Get WebElements" library="SeleniumLibrary">
<var>${disclaimer}</var>
<arg>css:.flight-details__disclaimer</arg>
<doc>Returns a list of WebElement objects matching the ``locator``.</doc>
<msg timestamp="20210408 14:30:06.044" level="INFO">${disclaimer} = [&lt;selenium.webdriver.remote.webelement.WebElement (session="30fe09bba1158d1c63e27fe8223f65f8", element="eee9d145-249e-4ee4-b9c6-dcce6588ebaa")&gt;, &lt;selenium.webdriver.remote.webelement.WebElement (sessi...</msg>
<status status="PASS" starttime="20210408 14:30:05.997" endtime="20210408 14:30:06.044"/>
</kw>
<kw name="Get From List" library="Collections">
<var>${disclaimer0}</var>
<arg>${disclaimer}</arg>
<arg>0</arg>
<doc>Returns the value specified with an ``index`` from ``list``.</doc>
<msg timestamp="20210408 14:30:06.045" level="INFO">${disclaimer0} = &lt;selenium.webdriver.remote.webelement.WebElement (session="30fe09bba1158d1c63e27fe8223f65f8", element="eee9d145-249e-4ee4-b9c6-dcce6588ebaa")&gt;</msg>
<status status="PASS" starttime="20210408 14:30:06.044" endtime="20210408 14:30:06.045"/>
</kw>
<kw name="Scroll Element Into View" library="SeleniumLibrary">
<arg>${disclaimer0}</arg>
<doc>Scrolls the element identified by ``locator`` into view.</doc>
<status status="PASS" starttime="20210408 14:30:06.045" endtime="20210408 14:30:06.342"/>
</kw>
<kw name="Capture Page Screenshot" library="SeleniumLibrary">
<doc>Takes a screenshot of the current page and embeds it into a log file.</doc>
<msg timestamp="20210408 14:30:06.686" level="INFO" html="true">&lt;/td&gt;&lt;/tr&gt;&lt;tr&gt;&lt;td colspan="3"&gt;&lt;a href="selenium-screenshot-22.png"&gt;&lt;img src="selenium-screenshot-22.png" width="800px"&gt;&lt;/a&gt;</msg>
<status status="PASS" starttime="20210408 14:30:06.343" endtime="20210408 14:30:06.686"/>
</kw>
<status status="PASS" starttime="20210408 14:30:04.963" endtime="20210408 14:30:06.686"/>
</kw>
<kw name="get_elements_ida" library="base">
<var>${company_ida}</var>
<var>${numero_voo_ida}</var>
<var>${tipo_voo_ida}</var>
<var>${data_hora_partida_ida}</var>
<var>${data_hora_chegada_ida}</var>
<var>${valor_milhas_ida}</var>
<var>${valor_smilesMoney_ida}</var>
<var>${companylogo}</var>
<kw name="Get WebElements" library="SeleniumLibrary">
<var>${company_ida}</var>
<arg>css:#firstFlights article[id*='flightsArticle'] div.compThumb img.visible-desktop</arg>
<doc>Returns a list of WebElement objects matching the ``locator``.</doc>
<msg timestamp="20210408 14:30:06.699" level="INFO">${company_ida} = [&lt;selenium.webdriver.remote.webelement.WebElement (session="30fe09bba1158d1c63e27fe8223f65f8", element="4b1ac925-46b1-4aa3-acce-4c48ebbc1d8d")&gt;, &lt;selenium.webdriver.remote.webelement.WebElement (sessi...</msg>
<status status="PASS" starttime="20210408 14:30:06.687" endtime="20210408 14:30:06.699"/>
</kw>
<kw name="Get WebElements" library="SeleniumLibrary">
<var>${numero_voo_ida}</var>
<arg>css:#firstFlights article[id*='flightsArticle'] div.details-bt .checkin-details__flight p</arg>
<doc>Returns a list of WebElement objects matching the ``locator``.</doc>
<msg timestamp="20210408 14:30:06.712" level="INFO">${numero_voo_ida} = [&lt;selenium.webdriver.remote.webelement.WebElement (session="30fe09bba1158d1c63e27fe8223f65f8", element="d854813c-b7e3-448c-a717-ffef89d3694f")&gt;, &lt;selenium.webdriver.remote.webelement.WebElement (sessi...</msg>
<status status="PASS" starttime="20210408 14:30:06.699" endtime="20210408 14:30:06.712"/>
</kw>
<kw name="Get WebElements" library="SeleniumLibrary">
<var>${tipo_voo_ida}</var>
<arg>css:#firstFlights article[id*='flightsArticle'] div.desk-banners div p[class*=cabin]</arg>
<doc>Returns a list of WebElement objects matching the ``locator``.</doc>
<msg timestamp="20210408 14:30:06.725" level="INFO">${tipo_voo_ida} = [&lt;selenium.webdriver.remote.webelement.WebElement (session="30fe09bba1158d1c63e27fe8223f65f8", element="49605b3f-a9f8-4af2-ad04-5b44d3efcc1b")&gt;, &lt;selenium.webdriver.remote.webelement.WebElement (sessi...</msg>
<status status="PASS" starttime="20210408 14:30:06.712" endtime="20210408 14:30:06.725"/>
</kw>
<kw name="Get WebElements" library="SeleniumLibrary">
<var>${data_hora_partida_ida}</var>
<arg>css:#firstFlights article[id*='flightsArticle'] .checkin-details__depart .visible-desktop span:nth-child(2)</arg>
<doc>Returns a list of WebElement objects matching the ``locator``.</doc>
<msg timestamp="20210408 14:30:06.734" level="INFO">${data_hora_partida_ida} = [&lt;selenium.webdriver.remote.webelement.WebElement (session="30fe09bba1158d1c63e27fe8223f65f8", element="95e97dbe-446d-4c42-ba32-b5005c9448a9")&gt;, &lt;selenium.webdriver.remote.webelement.WebElement (sessi...</msg>
<status status="PASS" starttime="20210408 14:30:06.725" endtime="20210408 14:30:06.734"/>
</kw>
<kw name="Get WebElements" library="SeleniumLibrary">
<var>${data_hora_chegada_ida}</var>
<arg>css:#firstFlights article[id*='flightsArticle'] .checkin-details__return .visible-desktop span:nth-child(2)</arg>
<doc>Returns a list of WebElement objects matching the ``locator``.</doc>
<msg timestamp="20210408 14:30:06.746" level="INFO">${data_hora_chegada_ida} = [&lt;selenium.webdriver.remote.webelement.WebElement (session="30fe09bba1158d1c63e27fe8223f65f8", element="66faf771-d448-4ad5-884d-c9e843576f9f")&gt;, &lt;selenium.webdriver.remote.webelement.WebElement (sessi...</msg>
<status status="PASS" starttime="20210408 14:30:06.734" endtime="20210408 14:30:06.746"/>
</kw>
<kw name="Get WebElements" library="SeleniumLibrary">
<var>${valor_milhas_ida}</var>
<arg>css:#firstFlights article[id*='flightsArticle'] .payment-options .column-miles li.club .flightcb</arg>
<doc>Returns a list of WebElement objects matching the ``locator``.</doc>
<msg timestamp="20210408 14:30:06.760" level="INFO">${valor_milhas_ida} = [&lt;selenium.webdriver.remote.webelement.WebElement (session="30fe09bba1158d1c63e27fe8223f65f8", element="a756d47a-2cf1-452c-8c66-b6b86fed7f4f")&gt;, &lt;selenium.webdriver.remote.webelement.WebElement (sessi...</msg>
<status status="PASS" starttime="20210408 14:30:06.747" endtime="20210408 14:30:06.760"/>
</kw>
<kw name="Get WebElements" library="SeleniumLibrary">
<var>${valor_smilesMoney_ida}</var>
<arg>css:#firstFlights article[id*='flightsArticle'] .payment-options .column-mandm li.club .flightcb</arg>
<doc>Returns a list of WebElement objects matching the ``locator``.</doc>
<msg timestamp="20210408 14:30:06.770" level="INFO">${valor_smilesMoney_ida} = [&lt;selenium.webdriver.remote.webelement.WebElement (session="30fe09bba1158d1c63e27fe8223f65f8", element="d5fa0ff7-005a-43ed-96fd-1903093cae27")&gt;, &lt;selenium.webdriver.remote.webelement.WebElement (sessi...</msg>
<status status="PASS" starttime="20210408 14:30:06.760" endtime="20210408 14:30:06.770"/>
</kw>
<kw name="Get WebElements" library="SeleniumLibrary">
<var>${companylogo}</var>
<arg>css:#firstFlights article[id*='flightsArticle'] .company__thumb</arg>
<doc>Returns a list of WebElement objects matching the ``locator``.</doc>
<msg timestamp="20210408 14:30:06.783" level="INFO">${companylogo} = [&lt;selenium.webdriver.remote.webelement.WebElement (session="30fe09bba1158d1c63e27fe8223f65f8", element="705d51a4-25a2-45c3-97a6-1970e54069e7")&gt;, &lt;selenium.webdriver.remote.webelement.WebElement (sessi...</msg>
<status status="PASS" starttime="20210408 14:30:06.770" endtime="20210408 14:30:06.783"/>
</kw>
<msg timestamp="20210408 14:30:06.784" level="INFO">${company_ida} = [&lt;selenium.webdriver.remote.webelement.WebElement (session="30fe09bba1158d1c63e27fe8223f65f8", element="4b1ac925-46b1-4aa3-acce-4c48ebbc1d8d")&gt;, &lt;selenium.webdriver.remote.webelement.WebElement (sessi...</msg>
<msg timestamp="20210408 14:30:06.784" level="INFO">${numero_voo_ida} = [&lt;selenium.webdriver.remote.webelement.WebElement (session="30fe09bba1158d1c63e27fe8223f65f8", element="d854813c-b7e3-448c-a717-ffef89d3694f")&gt;, &lt;selenium.webdriver.remote.webelement.WebElement (sessi...</msg>
<msg timestamp="20210408 14:30:06.784" level="INFO">${tipo_voo_ida} = [&lt;selenium.webdriver.remote.webelement.WebElement (session="30fe09bba1158d1c63e27fe8223f65f8", element="49605b3f-a9f8-4af2-ad04-5b44d3efcc1b")&gt;, &lt;selenium.webdriver.remote.webelement.WebElement (sessi...</msg>
<msg timestamp="20210408 14:30:06.784" level="INFO">${data_hora_partida_ida} = [&lt;selenium.webdriver.remote.webelement.WebElement (session="30fe09bba1158d1c63e27fe8223f65f8", element="95e97dbe-446d-4c42-ba32-b5005c9448a9")&gt;, &lt;selenium.webdriver.remote.webelement.WebElement (sessi...</msg>
<msg timestamp="20210408 14:30:06.784" level="INFO">${data_hora_chegada_ida} = [&lt;selenium.webdriver.remote.webelement.WebElement (session="30fe09bba1158d1c63e27fe8223f65f8", element="66faf771-d448-4ad5-884d-c9e843576f9f")&gt;, &lt;selenium.webdriver.remote.webelement.WebElement (sessi...</msg>
<msg timestamp="20210408 14:30:06.784" level="INFO">${valor_milhas_ida} = [&lt;selenium.webdriver.remote.webelement.WebElement (session="30fe09bba1158d1c63e27fe8223f65f8", element="a756d47a-2cf1-452c-8c66-b6b86fed7f4f")&gt;, &lt;selenium.webdriver.remote.webelement.WebElement (sessi...</msg>
<msg timestamp="20210408 14:30:06.784" level="INFO">${valor_smilesMoney_ida} = [&lt;selenium.webdriver.remote.webelement.WebElement (session="30fe09bba1158d1c63e27fe8223f65f8", element="d5fa0ff7-005a-43ed-96fd-1903093cae27")&gt;, &lt;selenium.webdriver.remote.webelement.WebElement (sessi...</msg>
<msg timestamp="20210408 14:30:06.784" level="INFO">${companylogo} = [&lt;selenium.webdriver.remote.webelement.WebElement (session="30fe09bba1158d1c63e27fe8223f65f8", element="705d51a4-25a2-45c3-97a6-1970e54069e7")&gt;, &lt;selenium.webdriver.remote.webelement.WebElement (sessi...</msg>
<status status="PASS" starttime="20210408 14:30:06.686" endtime="20210408 14:30:06.784"/>
</kw>
<kw name="checkimage" library="base">
<arg>${companylogo}</arg>
<arg>${index}</arg>
<kw name="Get From List" library="Collections">
<var>${elementname}</var>
<arg>${companylogo}</arg>
<arg>${index}</arg>
<doc>Returns the value specified with an ``index`` from ``list``.</doc>
[...]
</iter>
<iter>
<var name="${element}">&lt;selenium.webdriver.remote.webelement.WebElement (session="30fe09bba1158d1c63e27fe8223f65f8", element="8a6c2022-e497-45df-bd68-c5d7d2d2cca3")&gt;</var>
<kw name="Get Lines Containing String" library="String">
<var>${lines}</var>
<arg>${element.text}</arg>
<arg>Voo</arg>
<doc>Returns lines of the given ``string`` that contain the ``pattern``.</doc>
<msg timestamp="20210408 14:30:06.885" level="INFO">1 out of 2 lines matched</msg>
<msg timestamp="20210408 14:30:06.885" level="INFO">${lines} = Voo 0044</msg>
<status status="PASS" starttime="20210408 14:30:06.866" endtime="20210408 14:30:06.885"/>
</kw>
<kw name="write_in_file" library="base">
<arg>${mensagem} ${lines}</arg>
<kw name="Log To Console" library="BuiltIn">
<arg>${variable}</arg>
<doc>Logs the given message to the console.</doc>
<status status="PASS" starttime="20210408 14:30:06.886" endtime="20210408 14:30:06.887"/>
</kw>
<kw name="Set Variable" library="BuiltIn">
<var>${format_variable}</var>
<arg>${variable}\n</arg>
<doc>Returns the given values which can then be assigned to a variables.</doc>
<msg timestamp="20210408 14:30:06.887" level="INFO">${format_variable} = Número da Conexão: Voo 0044
</msg>
<status status="PASS" starttime="20210408 14:30:06.887" endtime="20210408 14:30:06.888"/>
</kw>
<kw name="Append To File" library="OperatingSystem">
<arg>${EXECDIR}/relatorio/${tag}.txt</arg>
<arg>${format_variable}</arg>
<doc>Appends the given content to the specified file.</doc>
<msg timestamp="20210408 14:30:06.890" level="INFO" html="true">Appended to file '&lt;a href="file://C:\Projetos\Estudos\robotSmiles\relatorio\gru_cdg.txt"&gt;C:\Projetos\Estudos\robotSmiles\relatorio\gru_cdg.txt&lt;/a&gt;'.</msg>
<status status="PASS" starttime="20210408 14:30:06.888" endtime="20210408 14:30:06.890"/>
</kw>
<status status="PASS" starttime="20210408 14:30:06.885" endtime="20210408 14:30:06.890"/>
</kw>
<kw name="Set Variable If" library="BuiltIn">
<var>${mensagem}</var>
<arg>${size}&gt;1</arg>
<arg>Número da Conexão:</arg>
<doc>Sets variable based on the given condition.</doc>
<msg timestamp="20210408 14:30:06.891" level="INFO">${mensagem} = Número da Conexão:</msg>
<status status="PASS" starttime="20210408 14:30:06.890" endtime="20210408 14:30:06.891"/>
</kw>
<status status="PASS" starttime="20210408 14:30:06.866" endtime="20210408 14:30:06.891"/>
</iter>
<status status="PASS" starttime="20210408 14:30:06.809" endtime="20210408 14:30:06.891"/>
</for>
<status status="PASS" starttime="20210408 14:30:06.806" endtime="20210408 14:30:06.891"/>
</kw>
<kw name="tipo_voo" library="base">
<arg>${tipo_voo_ida}</arg>
<arg>${index}</arg>
<kw name="Get From List" library="Collections">
<var>${element}</var>
<arg>${tipo_voo_ida}</arg>
<arg>${index}</arg>
<doc>Returns the value specified with an ``index`` from ``list``.</doc>
<msg timestamp="20210408 14:30:06.892" level="INFO">${element} = &lt;selenium.webdriver.remote.webelement.WebElement (session="30fe09bba1158d1c63e27fe8223f65f8", element="283b1ac8-402f-40fe-8639-647a323ba4f6")&gt;</msg>
<status status="PASS" starttime="20210408 14:30:06.892" endtime="20210408 14:30:06.892"/>
</kw>
<kw name="write_in_file" library="base">
<arg>Tipo de Vôo: ${element.text}</arg>
<kw name="Log To Console" library="BuiltIn">
<arg>${variable}</arg>
<doc>Logs the given message to the console.</doc>
<status status="PASS" starttime="20210408 14:30:06.912" endtime="20210408 14:30:06.912"/>
</kw>
<kw name="Set Variable" library="BuiltIn">
<var>${format_variable}</var>
<arg>${variable}\n</arg>
<doc>Returns the given values which can then be assigned to a variables.</doc>
<msg timestamp="20210408 14:30:06.913" level="INFO">${format_variable} = Tipo de Vôo: Cabine Premium Economy
</msg>
<status status="PASS" starttime="20210408 14:30:06.913" endtime="20210408 14:30:06.913"/>
</kw>
<kw name="Append To File" library="OperatingSystem">
<arg>${EXECDIR}/relatorio/${tag}.txt</arg>
<arg>${format_variable}</arg>
<doc>Appends the given content to the specified file.</doc>
<msg timestamp="20210408 14:30:06.916" level="INFO" html="true">Appended to file '&lt;a href="file://C:\Projetos\Estudos\robotSmiles\relatorio\gru_cdg.txt"&gt;C:\Projetos\Estudos\robotSmiles\relatorio\gru_cdg.txt&lt;/a&gt;'.</msg>
<status status="PASS" starttime="20210408 14:30:06.913" endtime="20210408 14:30:06.916"/>
</kw>
<status status="PASS" starttime="20210408 14:30:06.892" endtime="20210408 14:30:06.916"/>
</kw>
<status status="PASS" starttime="20210408 14:30:06.891" endtime="20210408 14:30:06.916"/>
</kw>
<kw name="data_hora_partida" library="base">
<arg>${data_hora_partida_ida}</arg>
<for flavor="IN">
<var>${element}</var>
<value>@{data_hora_partida_ida}</value>
<iter>
<var name="${element}">&lt;selenium.webdriver.remote.webelement.WebElement (session="30fe09bba1158d1c63e27fe8223f65f8", element="95e97dbe-446d-4c42-ba32-b5005c9448a9")&gt;</var>
<kw name="Run Keyword If" library="BuiltIn">
<arg>"${element.text}"!=""</arg>
<arg>write_in_file</arg>
<arg>Data e Hora da Partida: ${element.text}</arg>
<doc>Runs the given keyword with the given arguments, if ``condition`` is true.</doc>
<kw name="write_in_file" library="base">
<arg>Data e Hora da Partida: ${element.text}</arg>
<kw name="Log To Console" library="BuiltIn">
<arg>${variable}</arg>
<doc>Logs the given message to the console.</doc>
<status status="PASS" starttime="20210408 14:30:06.952" endtime="20210408 14:30:06.952"/>
</kw>
<kw name="Set Variable" library="BuiltIn">
<var>${format_variable}</var>
<arg>${variable}\n</arg>
<doc>Returns the given values which can then be assigned to a variables.</doc>
<msg timestamp="20210408 14:30:06.953" level="INFO">${format_variable} = Data e Hora da Partida: 09/04 21h25*
</msg>
<status status="PASS" starttime="20210408 14:30:06.952" endtime="20210408 14:30:06.953"/>
</kw>
<kw name="Append To File" library="OperatingSystem">
<arg>${EXECDIR}/relatorio/${tag}.txt</arg>
<arg>${format_variable}</arg>
<doc>Appends the given content to the specified file.</doc>
<msg timestamp="20210408 14:30:06.955" level="INFO" html="true">Appended to file '&lt;a href="file://C:\Projetos\Estudos\robotSmiles\relatorio\gru_cdg.txt"&gt;C:\Projetos\Estudos\robotSmiles\relatorio\gru_cdg.txt&lt;/a&gt;'.</msg>
<status status="PASS" starttime="20210408 14:30:06.953" endtime="20210408 14:30:06.956"/>
</kw>
<status status="PASS" starttime="20210408 14:30:06.936" endtime="20210408 14:30:06.956"/>
</kw>
<status status="PASS" starttime="20210408 14:30:06.917" endtime="20210408 14:30:06.956"/>
</kw>
<status status="PASS" starttime="20210408 14:30:06.917" endtime="20210408 14:30:06.956"/>
</iter>
<iter>
<var name="${element}">&lt;selenium.webdriver.remote.webelement.WebElement (session="30fe09bba1158d1c63e27fe8223f65f8", element="05a89671-3a10-4e68-bde0-a91250507630")&gt;</var>
<kw name="Run Keyword If" library="BuiltIn">
<arg>"${element.text}"!=""</arg>
<arg>write_in_file</arg>
<arg>Data e Hora da Partida: ${element.text}</arg>
<doc>Runs the given keyword with the given arguments, if ``condition`` is true.</doc>
<status status="PASS" starttime="20210408 14:30:06.956" endtime="20210408 14:30:06.979"/>
</kw>
<status status="PASS" starttime="20210408 14:30:06.956" endtime="20210408 14:30:06.979"/>
</iter>
<status status="PASS" starttime="20210408 14:30:06.917" endtime="20210408 14:30:06.979"/>
</for>
<status status="PASS" starttime="20210408 14:30:06.917" endtime="20210408 14:30:06.979"/>
</kw>
<kw name="data_hora_chegada" library="base">
<arg>${data_hora_chegada_ida}</arg>
<for flavor="IN">
<var>${element}</var>
<value>@{data_hora_chegada_ida}</value>
<iter>
<var name="${element}">&lt;selenium.webdriver.remote.webelement.WebElement (session="30fe09bba1158d1c63e27fe8223f65f8", element="66faf771-d448-4ad5-884d-c9e843576f9f")&gt;</var>
<kw name="Run Keyword If" library="BuiltIn">
<arg>"${element.text}"!=""</arg>
<arg>write_in_file</arg>
<arg>Data e Hora da Chegada: ${element.text}</arg>
<doc>Runs the given keyword with the given arguments, if ``condition`` is true.</doc>
<kw name="write_in_file" library="base">
<arg>Data e Hora da Chegada: ${element.text}</arg>
<kw name="Log To Console" library="BuiltIn">
<arg>${variable}</arg>
<doc>Logs the given message to the console.</doc>
<status status="PASS" starttime="20210408 14:30:07.015" endtime="20210408 14:30:07.016"/>
</kw>
<kw name="Set Variable" library="BuiltIn">
<var>${format_variable}</var>
<arg>${variable}\n</arg>
<doc>Returns the given values which can then be assigned to a variables.</doc>
<msg timestamp="20210408 14:30:07.017" level="INFO">${format_variable} = Data e Hora da Chegada: 11/04 6h55*
</msg>
<status status="PASS" starttime="20210408 14:30:07.016" endtime="20210408 14:30:07.017"/>
</kw>
<kw name="Append To File" library="OperatingSystem">
<arg>${EXECDIR}/relatorio/${tag}.txt</arg>
<arg>${format_variable}</arg>
<doc>Appends the given content to the specified file.</doc>
<msg timestamp="20210408 14:30:07.019" level="INFO" html="true">Appended to file '&lt;a href="file://C:\Projetos\Estudos\robotSmiles\relatorio\gru_cdg.txt"&gt;C:\Projetos\Estudos\robotSmiles\relatorio\gru_cdg.txt&lt;/a&gt;'.</msg>
<status status="PASS" starttime="20210408 14:30:07.017" endtime="20210408 14:30:07.019"/>
</kw>
<status status="PASS" starttime="20210408 14:30:07.000" endtime="20210408 14:30:07.019"/>
</kw>
<status status="PASS" starttime="20210408 14:30:06.980" endtime="20210408 14:30:07.019"/>
</kw>
<status status="PASS" starttime="20210408 14:30:06.980" endtime="20210408 14:30:07.019"/>
</iter>
<iter>
<var name="${element}">&lt;selenium.webdriver.remote.webelement.WebElement (session="30fe09bba1158d1c63e27fe8223f65f8", element="ac3d7568-00c6-47f8-a5cb-a882e241b095")&gt;</var>
<kw name="Run Keyword If" library="BuiltIn">
<arg>"${element.text}"!=""</arg>
<arg>write_in_file</arg>
<arg>Data e Hora da Chegada: ${element.text}</arg>
<doc>Runs the given keyword with the given arguments, if ``condition`` is true.</doc>
<status status="PASS" starttime="20210408 14:30:07.019" endtime="20210408 14:30:07.043"/>
</kw>
<status status="PASS" starttime="20210408 14:30:07.019" endtime="20210408 14:30:07.043"/>
</iter>
<status status="PASS" starttime="20210408 14:30:06.979" endtime="20210408 14:30:07.043"/>
</for>
<status status="PASS" starttime="20210408 14:30:06.979" endtime="20210408 14:30:07.043"/>
</kw>
<kw name="quantidade_milhas" library="base">
<arg>${valor_milhas_ida}</arg>
<arg>${index}</arg>
<kw name="Get From List" library="Collections">
<var>${element}</var>
<arg>${valor_milhas_ida}</arg>
<arg>${index}</arg>
<doc>Returns the value specified with an ``index`` from ``list``.</doc>
<msg timestamp="20210408 14:30:07.044" level="INFO">${element} = &lt;selenium.webdriver.remote.webelement.WebElement (session="30fe09bba1158d1c63e27fe8223f65f8", element="224b2ad4-a219-4884-81bf-410ff56bd926")&gt;</msg>
<status status="PASS" starttime="20210408 14:30:07.044" endtime="20210408 14:30:07.044"/>
</kw>
<kw name="Get Element Attribute" library="SeleniumLibrary">
<var>${valor}</var>
<arg>${element}</arg>
<arg>flt-miles</arg>
<doc>Returns the value of ``attribute`` from the element ``locator``.</doc>
<msg timestamp="20210408 14:30:07.052" level="INFO">${valor} = 113.400</msg>
<status status="PASS" starttime="20210408 14:30:07.044" endtime="20210408 14:30:07.052"/>
</kw>
<kw name="write_in_file" library="base">
<arg>Milhas : ${valor}</arg>
<kw name="Log To Console" library="BuiltIn">
<arg>${variable}</arg>
<doc>Logs the given message to the console.</doc>
<status status="PASS" starttime="20210408 14:30:07.053" endtime="20210408 14:30:07.053"/>
</kw>
<kw name="Set Variable" library="BuiltIn">
<var>${format_variable}</var>
<arg>${variable}\n</arg>
<doc>Returns the given values which can then be assigned to a variables.</doc>
<msg timestamp="20210408 14:30:07.054" level="INFO">${format_variable} = Milhas : 113.400
</msg>
<status status="PASS" starttime="20210408 14:30:07.054" endtime="20210408 14:30:07.054"/>
</kw>
<kw name="Append To File" library="OperatingSystem">
<arg>${EXECDIR}/relatorio/${tag}.txt</arg>
<arg>${format_variable}</arg>
<doc>Appends the given content to the specified file.</doc>
<msg timestamp="20210408 14:30:07.056" level="INFO" html="true">Appended to file '&lt;a href="file://C:\Projetos\Estudos\robotSmiles\relatorio\gru_cdg.txt"&gt;C:\Projetos\Estudos\robotSmiles\relatorio\gru_cdg.txt&lt;/a&gt;'.</msg>
<status status="PASS" starttime="20210408 14:30:07.054" endtime="20210408 14:30:07.057"/>
</kw>
<status status="PASS" starttime="20210408 14:30:07.052" endtime="20210408 14:30:07.057"/>
</kw>
<status status="PASS" starttime="20210408 14:30:07.043" endtime="20210408 14:30:07.057"/>
</kw>
<kw name="milhas_dinheiro" library="base">
<arg>${valor_smilesMoney_ida}</arg>
<arg>${index}</arg>
<kw name="Get From List" library="Collections">
<var>${element}</var>
<arg>${valor_smilesMoney_ida}</arg>
<arg>${index}</arg>
<doc>Returns the value specified with an ``index`` from ``list``.</doc>
<msg timestamp="20210408 14:30:07.058" level="INFO">${element} = &lt;selenium.webdriver.remote.webelement.WebElement (session="30fe09bba1158d1c63e27fe8223f65f8", element="3e94ff9a-3636-48a1-80b2-a44a8025d991")&gt;</msg>
<status status="PASS" starttime="20210408 14:30:07.057" endtime="20210408 14:30:07.058"/>
</kw>
<kw name="Get Element Attribute" library="SeleniumLibrary">
<var>${smiles}</var>
<arg>${element}</arg>
<arg>flt-miles</arg>
<doc>Returns the value of ``attribute`` from the element ``locator``.</doc>
<msg timestamp="20210408 14:30:07.068" level="INFO">${smiles} = 23.600</msg>
<status status="PASS" starttime="20210408 14:30:07.058" endtime="20210408 14:30:07.068"/>
</kw>
<kw name="Get Element Attribute" library="SeleniumLibrary">
<var>${money}</var>
<arg>${element}</arg>
<arg>flt-money</arg>
<doc>Returns the value of ``attribute`` from the element ``locator``.</doc>
<msg timestamp="20210408 14:30:07.079" level="INFO">${money} = 2.850</msg>
<status status="PASS" starttime="20210408 14:30:07.068" endtime="20210408 14:30:07.079"/>
</kw>
<kw name="write_in_file" library="base">
<arg>Smiles &amp; Money: ${smiles} + R$${money}</arg>
<kw name="Log To Console" library="BuiltIn">
<arg>${variable}</arg>
<doc>Logs the given message to the console.</doc>
<status status="PASS" starttime="20210408 14:30:07.080" endtime="20210408 14:30:07.081"/>
</kw>
<kw name="Set Variable" library="BuiltIn">
<var>${format_variable}</var>
<arg>${variable}\n</arg>
<doc>Returns the given values which can then be assigned to a variables.</doc>
<msg timestamp="20210408 14:30:07.082" level="INFO">${format_variable} = Smiles &amp; Money: 23.600 + R$2.850
</msg>
<status status="PASS" starttime="20210408 14:30:07.081" endtime="20210408 14:30:07.082"/>
</kw>
<kw name="Append To File" library="OperatingSystem">
<arg>${EXECDIR}/relatorio/${tag}.txt</arg>
<arg>${format_variable}</arg>
<doc>Appends the given content to the specified file.</doc>
<msg timestamp="20210408 14:30:07.084" level="INFO" html="true">Appended to file '&lt;a href="file://C:\Projetos\Estudos\robotSmiles\relatorio\gru_cdg.txt"&gt;C:\Projetos\Estudos\robotSmiles\relatorio\gru_cdg.txt&lt;/a&gt;'.</msg>
<status status="PASS" starttime="20210408 14:30:07.082" endtime="20210408 14:30:07.084"/>
</kw>
<status status="PASS" starttime="20210408 14:30:07.080" endtime="20210408 14:30:07.084"/>
</kw>
<status status="PASS" starttime="20210408 14:30:07.057" endtime="20210408 14:30:07.084"/>
</kw>
<kw name="closeDetails" library="base">
<arg>${btn_detalhes_ida}</arg>
<arg>${index}</arg>
<kw name="Get From List" library="Collections">
<var>${element}</var>
<arg>${btn}</arg>
<arg>${index}</arg>
<doc>Returns the value specified with an ``index`` from ``list``.</doc>
<msg timestamp="20210408 14:30:07.085" level="INFO">${element} = &lt;selenium.webdriver.remote.webelement.WebElement (session="30fe09bba1158d1c63e27fe8223f65f8", element="c3c6a2c7-082b-445e-b806-3ca5c88c5503")&gt;</msg>
<status status="PASS" starttime="20210408 14:30:07.085" endtime="20210408 14:30:07.085"/>
</kw>
<kw name="Click Element" library="SeleniumLibrary">
<arg>${element}</arg>
<doc>Click the element identified by ``locator``.</doc>
<msg timestamp="20210408 14:30:07.086" level="INFO">Clicking element '&lt;selenium.webdriver.remote.webelement.WebElement (session="30fe09bba1158d1c63e27fe8223f65f8", element="c3c6a2c7-082b-445e-b806-3ca5c88c5503")&gt;'.</msg>
<kw name="Capture Page Screenshot" library="SeleniumLibrary">
<doc>Takes a screenshot of the current page and embeds it into a log file.</doc>
<msg timestamp="20210408 14:30:08.496" level="INFO" html="true">&lt;/td&gt;&lt;/tr&gt;&lt;tr&gt;&lt;td colspan="3"&gt;&lt;a href="selenium-screenshot-23.png"&gt;&lt;img src="selenium-screenshot-23.png" width="800px"&gt;&lt;/a&gt;</msg>
<status status="PASS" starttime="20210408 14:30:08.143" endtime="20210408 14:30:08.496"/>
</kw>
<msg timestamp="20210408 14:30:08.500" level="FAIL">ElementClickInterceptedException: Message: element click intercepted: Element &lt;span class="active"&gt;...&lt;/span&gt; is not clickable at point (732, 814). Other element would receive the click: &lt;div class="flight-details__travel-open two-stops connection tooltip-help align-ref-5" id="smls-toggle-"&gt;...&lt;/div&gt;
  (Session info: headless chrome=89.0.4389.114)
</msg>
<status status="FAIL" starttime="20210408 14:30:07.085" endtime="20210408 14:30:08.500"/>
</kw>
<status status="FAIL" starttime="20210408 14:30:07.085" endtime="20210408 14:30:08.500"/>
</kw>
<kw name="write_in_file" library="base">
<arg>-------------------------------------------------------------------------</arg>
<status status="NOT RUN" starttime="20210408 14:30:08.500" endtime="20210408 14:30:08.500"/>
</kw>
<status status="FAIL" starttime="20210408 14:30:04.957" endtime="20210408 14:30:08.501"/>
</iter>
<status status="FAIL" starttime="20210408 14:30:01.833" endtime="20210408 14:30:08.501"/>
</for>
<status status="FAIL" starttime="20210408 14:30:01.800" endtime="20210408 14:30:08.501"/>
</kw>
<kw name="print_relatorio_voos_volta" library="base">
<arg>${qtde_voos_ida}</arg>
<arg>${qtde_voos_volta}</arg>
<arg>${btn_detalhes_volta}</arg>
<status status="NOT RUN" starttime="20210408 14:30:08.502" endtime="20210408 14:30:08.502"/>
</kw>
<kw name="closeSession" library="base" type="TEARDOWN">
<kw name="Capture Page Screenshot" library="SeleniumLibrary">
<doc>Takes a screenshot of the current page and embeds it into a log file.</doc>
<msg timestamp="20210408 14:30:08.855" level="INFO" html="true">&lt;/td&gt;&lt;/tr&gt;&lt;tr&gt;&lt;td colspan="3"&gt;&lt;a href="selenium-screenshot-24.png"&gt;&lt;img src="selenium-screenshot-24.png" width="800px"&gt;&lt;/a&gt;</msg>
<status status="PASS" starttime="20210408 14:30:08.504" endtime="20210408 14:30:08.856"/>
</kw>
<kw name="Close Browser" library="SeleniumLibrary">
<doc>Closes the current browser.</doc>
<status status="PASS" starttime="20210408 14:30:08.856" endtime="20210408 14:30:10.958"/>
</kw>
<status status="PASS" starttime="20210408 14:30:08.502" endtime="20210408 14:30:10.958"/>
</kw>
<tag>gru_cdg</tag>
<status status="FAIL" starttime="20210408 14:29:17.503" endtime="20210408 14:30:10.958">ElementClickInterceptedException: Message: element click intercepted: Element &lt;span class="active"&gt;...&lt;/span&gt; is not clickable at point (732, 814). Other element would receive the click: &lt;div class="flight-details__travel-open two-stops connection tooltip-help align-ref-5" id="smls-toggle-"&gt;...&lt;/div&gt;
  (Session info: headless chrome=89.0.4389.114)
</status>
</test>
<status status="FAIL" starttime="20210408 14:29:17.283" endtime="20210408 14:30:10.961"/>
</suite>
<statistics>
<total>
<stat pass="0" fail="1" skip="0">All Tests</stat>
</total>
<tag>
<stat pass="0" fail="1" skip="0">gru_cdg</stat>
</tag>
<suite>
<stat pass="0" fail="1" skip="0" id="s1" name="Smiles">Smiles</stat>
</suite>
</statistics>
<errors>
</errors>
</robot>
